[1.543s] Invoking command in '/home/andresarias23gmailcom/ros2_ws/src/tractor_description': PYTHONPATH=/home/andresarias23gmailcom/ros2_ws/build/tractor_description/prefix_override:/usr/lib/python3/dist-packages/colcon_core/task/python/colcon_distutils_commands:/home/andresarias23gmailcom/ros2_ws/install/tractor_description/lib/python3.10/site-packages:${PYTHONPATH} /usr/bin/python3 -W ignore:setup.py install is deprecated setup.py egg_info --egg-base ../../build/tractor_description build --build-base /home/andresarias23gmailcom/ros2_ws/build/tractor_description/build install --record /home/andresarias23gmailcom/ros2_ws/build/tractor_description/install.log --single-version-externally-managed install_data
[2.099s] running egg_info
[2.100s] writing ../../build/tractor_description/tractor_description.egg-info/PKG-INFO
[2.101s] writing dependency_links to ../../build/tractor_description/tractor_description.egg-info/dependency_links.txt
[2.102s] writing entry points to ../../build/tractor_description/tractor_description.egg-info/entry_points.txt
[2.102s] writing requirements to ../../build/tractor_description/tractor_description.egg-info/requires.txt
[2.102s] writing top-level names to ../../build/tractor_description/tractor_description.egg-info/top_level.txt
[2.112s] reading manifest file '../../build/tractor_description/tractor_description.egg-info/SOURCES.txt'
[2.112s] adding license file 'LICENSE'
[2.113s] writing manifest file '../../build/tractor_description/tractor_description.egg-info/SOURCES.txt'
[2.114s] running build
[2.114s] running build_py
[2.118s] running install
[2.118s] running install_lib
[2.121s] running install_data
[2.122s] copying urdf/tractor_test.urdf -> /home/andresarias23gmailcom/ros2_ws/install/tractor_description/share/tractor_description/urdf
[2.122s] running install_egg_info
[2.126s] removing '/home/andresarias23gmailcom/ros2_ws/install/tractor_description/lib/python3.10/site-packages/tractor_description-0.0.0-py3.10.egg-info' (and everything under it)
[2.127s] Copying ../../build/tractor_description/tractor_description.egg-info to /home/andresarias23gmailcom/ros2_ws/install/tractor_description/lib/python3.10/site-packages/tractor_description-0.0.0-py3.10.egg-info
[2.129s] running install_scripts
[2.176s] writing list of installed files to '/home/andresarias23gmailcom/ros2_ws/build/tractor_description/install.log'
[2.281s] Invoked command in '/home/andresarias23gmailcom/ros2_ws/src/tractor_description' returned '0': PYTHONPATH=/home/andresarias23gmailcom/ros2_ws/build/tractor_description/prefix_override:/usr/lib/python3/dist-packages/colcon_core/task/python/colcon_distutils_commands:/home/andresarias23gmailcom/ros2_ws/install/tractor_description/lib/python3.10/site-packages:${PYTHONPATH} /usr/bin/python3 -W ignore:setup.py install is deprecated setup.py egg_info --egg-base ../../build/tractor_description build --build-base /home/andresarias23gmailcom/ros2_ws/build/tractor_description/build install --record /home/andresarias23gmailcom/ros2_ws/build/tractor_description/install.log --single-version-externally-managed install_data
