[3.185s] Invoking command in '/home/andresarias23gmailcom/ros2_ws/src/tractor_description': PYTHONPATH=/home/andresarias23gmailcom/ros2_ws/build/tractor_description/prefix_override:/usr/lib/python3/dist-packages/colcon_core/task/python/colcon_distutils_commands:/home/andresarias23gmailcom/ros2_ws/install/tractor_description/lib/python3.10/site-packages:${PYTHONPATH} /usr/bin/python3 -W ignore:setup.py install is deprecated setup.py egg_info --egg-base ../../build/tractor_description build --build-base /home/andresarias23gmailcom/ros2_ws/build/tractor_description/build install --record /home/andresarias23gmailcom/ros2_ws/build/tractor_description/install.log --single-version-externally-managed install_data
[3.918s] running egg_info
[3.919s] writing ../../build/tractor_description/tractor_description.egg-info/PKG-INFO
[3.920s] writing dependency_links to ../../build/tractor_description/tractor_description.egg-info/dependency_links.txt
[3.921s] writing entry points to ../../build/tractor_description/tractor_description.egg-info/entry_points.txt
[3.922s] writing requirements to ../../build/tractor_description/tractor_description.egg-info/requires.txt
[3.922s] writing top-level names to ../../build/tractor_description/tractor_description.egg-info/top_level.txt
[3.932s] reading manifest file '../../build/tractor_description/tractor_description.egg-info/SOURCES.txt'
[4.088s] adding license file 'LICENSE'
[4.090s] writing manifest file '../../build/tractor_description/tractor_description.egg-info/SOURCES.txt'
[4.090s] running build
[4.090s] running build_py
[4.099s] running install
[4.100s] running install_lib
[4.103s] running install_data
[4.105s] copying urdf/tractor_test.urdf -> /home/andresarias23gmailcom/ros2_ws/install/tractor_description/share/tractor_description/urdf
[4.105s] running install_egg_info
[4.111s] removing '/home/andresarias23gmailcom/ros2_ws/install/tractor_description/lib/python3.10/site-packages/tractor_description-0.0.0-py3.10.egg-info' (and everything under it)
[4.111s] Copying ../../build/tractor_description/tractor_description.egg-info to /home/andresarias23gmailcom/ros2_ws/install/tractor_description/lib/python3.10/site-packages/tractor_description-0.0.0-py3.10.egg-info
[4.118s] running install_scripts
[4.170s] writing list of installed files to '/home/andresarias23gmailcom/ros2_ws/build/tractor_description/install.log'
[4.293s] Invoked command in '/home/andresarias23gmailcom/ros2_ws/src/tractor_description' returned '0': PYTHONPATH=/home/andresarias23gmailcom/ros2_ws/build/tractor_description/prefix_override:/usr/lib/python3/dist-packages/colcon_core/task/python/colcon_distutils_commands:/home/andresarias23gmailcom/ros2_ws/install/tractor_description/lib/python3.10/site-packages:${PYTHONPATH} /usr/bin/python3 -W ignore:setup.py install is deprecated setup.py egg_info --egg-base ../../build/tractor_description build --build-base /home/andresarias23gmailcom/ros2_ws/build/tractor_description/build install --record /home/andresarias23gmailcom/ros2_ws/build/tractor_description/install.log --single-version-externally-managed install_data
