[3.454s] Invoking command in '/home/andresarias23gmailcom/ros2_ws/src/tractor_description': PYTHONPATH=/home/andresarias23gmailcom/ros2_ws/build/tractor_description/prefix_override:/usr/lib/python3/dist-packages/colcon_core/task/python/colcon_distutils_commands:/home/andresarias23gmailcom/ros2_ws/install/tractor_description/lib/python3.10/site-packages:${PYTHONPATH} /usr/bin/python3 -W ignore:setup.py install is deprecated setup.py egg_info --egg-base ../../build/tractor_description build --build-base /home/andresarias23gmailcom/ros2_ws/build/tractor_description/build install --record /home/andresarias23gmailcom/ros2_ws/build/tractor_description/install.log --single-version-externally-managed install_data
[4.024s] running egg_info
[4.025s] writing ../../build/tractor_description/tractor_description.egg-info/PKG-INFO
[4.026s] writing dependency_links to ../../build/tractor_description/tractor_description.egg-info/dependency_links.txt
[4.026s] writing entry points to ../../build/tractor_description/tractor_description.egg-info/entry_points.txt
[4.027s] writing requirements to ../../build/tractor_description/tractor_description.egg-info/requires.txt
[4.027s] writing top-level names to ../../build/tractor_description/tractor_description.egg-info/top_level.txt
[4.033s] reading manifest file '../../build/tractor_description/tractor_description.egg-info/SOURCES.txt'
[4.034s] adding license file 'LICENSE'
[4.035s] writing manifest file '../../build/tractor_description/tractor_description.egg-info/SOURCES.txt'
[4.035s] running build
[4.036s] running build_py
[4.039s] running install
[4.040s] running install_lib
[4.042s] running install_data
[4.043s] copying urdf/tractor_test.urdf -> /home/andresarias23gmailcom/ros2_ws/install/tractor_description/share/tractor_description/urdf
[4.043s] running install_egg_info
[4.048s] removing '/home/andresarias23gmailcom/ros2_ws/install/tractor_description/lib/python3.10/site-packages/tractor_description-0.0.0-py3.10.egg-info' (and everything under it)
[4.049s] Copying ../../build/tractor_description/tractor_description.egg-info to /home/andresarias23gmailcom/ros2_ws/install/tractor_description/lib/python3.10/site-packages/tractor_description-0.0.0-py3.10.egg-info
[4.051s] running install_scripts
[4.099s] writing list of installed files to '/home/andresarias23gmailcom/ros2_ws/build/tractor_description/install.log'
[4.200s] Invoked command in '/home/andresarias23gmailcom/ros2_ws/src/tractor_description' returned '0': PYTHONPATH=/home/andresarias23gmailcom/ros2_ws/build/tractor_description/prefix_override:/usr/lib/python3/dist-packages/colcon_core/task/python/colcon_distutils_commands:/home/andresarias23gmailcom/ros2_ws/install/tractor_description/lib/python3.10/site-packages:${PYTHONPATH} /usr/bin/python3 -W ignore:setup.py install is deprecated setup.py egg_info --egg-base ../../build/tractor_description build --build-base /home/andresarias23gmailcom/ros2_ws/build/tractor_description/build install --record /home/andresarias23gmailcom/ros2_ws/build/tractor_description/install.log --single-version-externally-managed install_data
