[1.403s] Invoking command in '/home/andresarias23gmailcom/ros2_ws/src/tractor_description': PYTHONPATH=/home/andresarias23gmailcom/ros2_ws/build/tractor_description/prefix_override:/usr/lib/python3/dist-packages/colcon_core/task/python/colcon_distutils_commands:/home/andresarias23gmailcom/ros2_ws/install/tractor_description/lib/python3.10/site-packages:${PYTHONPATH} /usr/bin/python3 -W ignore:setup.py install is deprecated setup.py egg_info --egg-base ../../build/tractor_description build --build-base /home/andresarias23gmailcom/ros2_ws/build/tractor_description/build install --record /home/andresarias23gmailcom/ros2_ws/build/tractor_description/install.log --single-version-externally-managed install_data
[1.925s] running egg_info
[1.927s] writing ../../build/tractor_description/tractor_description.egg-info/PKG-INFO
[1.927s] writing dependency_links to ../../build/tractor_description/tractor_description.egg-info/dependency_links.txt
[1.928s] writing entry points to ../../build/tractor_description/tractor_description.egg-info/entry_points.txt
[1.928s] writing requirements to ../../build/tractor_description/tractor_description.egg-info/requires.txt
[1.928s] writing top-level names to ../../build/tractor_description/tractor_description.egg-info/top_level.txt
[1.938s] reading manifest file '../../build/tractor_description/tractor_description.egg-info/SOURCES.txt'
[1.938s] adding license file 'LICENSE'
[1.940s] writing manifest file '../../build/tractor_description/tractor_description.egg-info/SOURCES.txt'
[1.940s] running build
[1.940s] running build_py
[1.944s] running install
[1.945s] running install_lib
[1.948s] running install_data
[1.948s] copying urdf/tractor_test.urdf -> /home/andresarias23gmailcom/ros2_ws/install/tractor_description/share/tractor_description/urdf
[1.949s] running install_egg_info
[1.953s] removing '/home/andresarias23gmailcom/ros2_ws/install/tractor_description/lib/python3.10/site-packages/tractor_description-0.0.0-py3.10.egg-info' (and everything under it)
[1.954s] Copying ../../build/tractor_description/tractor_description.egg-info to /home/andresarias23gmailcom/ros2_ws/install/tractor_description/lib/python3.10/site-packages/tractor_description-0.0.0-py3.10.egg-info
[1.956s] running install_scripts
[1.999s] writing list of installed files to '/home/andresarias23gmailcom/ros2_ws/build/tractor_description/install.log'
[2.072s] Invoked command in '/home/andresarias23gmailcom/ros2_ws/src/tractor_description' returned '0': PYTHONPATH=/home/andresarias23gmailcom/ros2_ws/build/tractor_description/prefix_override:/usr/lib/python3/dist-packages/colcon_core/task/python/colcon_distutils_commands:/home/andresarias23gmailcom/ros2_ws/install/tractor_description/lib/python3.10/site-packages:${PYTHONPATH} /usr/bin/python3 -W ignore:setup.py install is deprecated setup.py egg_info --egg-base ../../build/tractor_description build --build-base /home/andresarias23gmailcom/ros2_ws/build/tractor_description/build install --record /home/andresarias23gmailcom/ros2_ws/build/tractor_description/install.log --single-version-externally-managed install_data
