[1.208s] DEBUG:colcon:Command line arguments: ['/usr/bin/colcon', 'build']
[1.208s] DEBUG:colcon:Parsed command line arguments: Namespace(log_base=None, log_level=None, verb_name='build', build_base='build', install_base='install', merge_install=False, symlink_install=False, test_result_base=None, continue_on_error=False, executor='parallel', parallel_workers=6, event_handlers=None, ignore_user_meta=False, metas=['./colcon.meta'], base_paths=['.'], packages_ignore=None, packages_ignore_regex=None, paths=None, packages_up_to=None, packages_up_to_regex=None, packages_above=None, packages_above_and_dependencies=None, packages_above_depth=None, packages_select_by_dep=None, packages_skip_by_dep=None, packages_skip_up_to=None, packages_select_build_failed=False, packages_skip_build_finished=False, packages_select_test_failures=False, packages_skip_test_passed=False, packages_select=None, packages_skip=None, packages_select_regex=None, packages_skip_regex=None, packages_start=None, packages_end=None, allow_overriding=[], cmake_args=None, cmake_target=None, cmake_target_skip_unavailable=False, cmake_clean_cache=False, cmake_clean_first=False, cmake_force_configure=False, ament_cmake_args=None, catkin_cmake_args=None, catkin_skip_building_tests=False, mixin_files=None, mixin=None, verb_parser=<colcon_mixin.mixin.mixin_argument.MixinArgumentDecorator object at 0xffff92a8a980>, verb_extension=<colcon_core.verb.build.BuildVerb object at 0xffff92a8a3b0>, main=<bound method BuildVerb.main of <colcon_core.verb.build.BuildVerb object at 0xffff92a8a3b0>>, mixin_verb=('build',))
[3.038s] Level 1:colcon.colcon_core.package_discovery:discover_packages(colcon_meta) check parameters
[3.038s] Level 1:colcon.colcon_core.package_discovery:discover_packages(recursive) check parameters
[3.038s] Level 1:colcon.colcon_core.package_discovery:discover_packages(ignore) check parameters
[3.038s] Level 1:colcon.colcon_core.package_discovery:discover_packages(path) check parameters
[3.038s] Level 1:colcon.colcon_core.package_discovery:discover_packages(colcon_meta) discover
[3.039s] Level 1:colcon.colcon_core.package_discovery:discover_packages(recursive) discover
[3.039s] INFO:colcon.colcon_core.package_discovery:Crawling recursively for packages in '/home/andresarias23gmailcom/ros2_ws'
[3.039s] Level 1:colcon.colcon_core.package_identification:_identify(.) by extensions ['ignore', 'ignore_ament_install']
[3.039s] Level 1:colcon.colcon_core.package_identification:_identify(.) by extension 'ignore'
[3.040s] Level 1:colcon.colcon_core.package_identification:_identify(.) by extension 'ignore_ament_install'
[3.040s] Level 1:colcon.colcon_core.package_identification:_identify(.) by extensions ['colcon_pkg']
[3.040s] Level 1:colcon.colcon_core.package_identification:_identify(.) by extension 'colcon_pkg'
[3.040s] Level 1:colcon.colcon_core.package_identification:_identify(.) by extensions ['colcon_meta']
[3.040s] Level 1:colcon.colcon_core.package_identification:_identify(.) by extension 'colcon_meta'
[3.040s] Level 1:colcon.colcon_core.package_identification:_identify(.) by extensions ['ros']
[3.040s] Level 1:colcon.colcon_core.package_identification:_identify(.) by extension 'ros'
[3.076s] Level 1:colcon.colcon_core.package_identification:_identify(.) by extensions ['cmake', 'python']
[3.077s] Level 1:colcon.colcon_core.package_identification:_identify(.) by extension 'cmake'
[3.077s] Level 1:colcon.colcon_core.package_identification:_identify(.) by extension 'python'
[3.077s] Level 1:colcon.colcon_core.package_identification:_identify(.) by extensions ['python_setup_py']
[3.077s] Level 1:colcon.colcon_core.package_identification:_identify(.) by extension 'python_setup_py'
[3.077s] Level 1:colcon.colcon_core.package_identification:_identify(build) by extensions ['ignore', 'ignore_ament_install']
[3.078s] Level 1:colcon.colcon_core.package_identification:_identify(build) by extension 'ignore'
[3.078s] Level 1:colcon.colcon_core.package_identification:_identify(build) ignored
[3.078s] Level 1:colcon.colcon_core.package_identification:_identify(gazebo_worlds) by extensions ['ignore', 'ignore_ament_install']
[3.078s] Level 1:colcon.colcon_core.package_identification:_identify(gazebo_worlds) by extension 'ignore'
[3.078s] Level 1:colcon.colcon_core.package_identification:_identify(gazebo_worlds) by extension 'ignore_ament_install'
[3.078s] Level 1:colcon.colcon_core.package_identification:_identify(gazebo_worlds) by extensions ['colcon_pkg']
[3.079s] Level 1:colcon.colcon_core.package_identification:_identify(gazebo_worlds) by extension 'colcon_pkg'
[3.079s] Level 1:colcon.colcon_core.package_identification:_identify(gazebo_worlds) by extensions ['colcon_meta']
[3.079s] Level 1:colcon.colcon_core.package_identification:_identify(gazebo_worlds) by extension 'colcon_meta'
[3.079s] Level 1:colcon.colcon_core.package_identification:_identify(gazebo_worlds) by extensions ['ros']
[3.079s] Level 1:colcon.colcon_core.package_identification:_identify(gazebo_worlds) by extension 'ros'
[3.079s] Level 1:colcon.colcon_core.package_identification:_identify(gazebo_worlds) by extensions ['cmake', 'python']
[3.079s] Level 1:colcon.colcon_core.package_identification:_identify(gazebo_worlds) by extension 'cmake'
[3.079s] Level 1:colcon.colcon_core.package_identification:_identify(gazebo_worlds) by extension 'python'
[3.079s] Level 1:colcon.colcon_core.package_identification:_identify(gazebo_worlds) by extensions ['python_setup_py']
[3.079s] Level 1:colcon.colcon_core.package_identification:_identify(gazebo_worlds) by extension 'python_setup_py'
[3.080s] Level 1:colcon.colcon_core.package_identification:_identify(install) by extensions ['ignore', 'ignore_ament_install']
[3.080s] Level 1:colcon.colcon_core.package_identification:_identify(install) by extension 'ignore'
[3.080s] Level 1:colcon.colcon_core.package_identification:_identify(install) ignored
[3.080s] Level 1:colcon.colcon_core.package_identification:_identify(log) by extensions ['ignore', 'ignore_ament_install']
[3.080s] Level 1:colcon.colcon_core.package_identification:_identify(log) by extension 'ignore'
[3.081s] Level 1:colcon.colcon_core.package_identification:_identify(log) ignored
[3.081s] Level 1:colcon.colcon_core.package_identification:_identify(src) by extensions ['ignore', 'ignore_ament_install']
[3.081s] Level 1:colcon.colcon_core.package_identification:_identify(src) by extension 'ignore'
[3.081s] Level 1:colcon.colcon_core.package_identification:_identify(src) by extension 'ignore_ament_install'
[3.081s] Level 1:colcon.colcon_core.package_identification:_identify(src) by extensions ['colcon_pkg']
[3.081s] Level 1:colcon.colcon_core.package_identification:_identify(src) by extension 'colcon_pkg'
[3.081s] Level 1:colcon.colcon_core.package_identification:_identify(src) by extensions ['colcon_meta']
[3.081s] Level 1:colcon.colcon_core.package_identification:_identify(src) by extension 'colcon_meta'
[3.081s] Level 1:colcon.colcon_core.package_identification:_identify(src) by extensions ['ros']
[3.082s] Level 1:colcon.colcon_core.package_identification:_identify(src) by extension 'ros'
[3.082s] Level 1:colcon.colcon_core.package_identification:_identify(src) by extensions ['cmake', 'python']
[3.082s] Level 1:colcon.colcon_core.package_identification:_identify(src) by extension 'cmake'
[3.082s] Level 1:colcon.colcon_core.package_identification:_identify(src) by extension 'python'
[3.082s] Level 1:colcon.colcon_core.package_identification:_identify(src) by extensions ['python_setup_py']
[3.082s] Level 1:colcon.colcon_core.package_identification:_identify(src) by extension 'python_setup_py'
[3.082s] Level 1:colcon.colcon_core.package_identification:_identify(src/tractor_description) by extensions ['ignore', 'ignore_ament_install']
[3.082s] Level 1:colcon.colcon_core.package_identification:_identify(src/tractor_description) by extension 'ignore'
[3.083s] Level 1:colcon.colcon_core.package_identification:_identify(src/tractor_description) by extension 'ignore_ament_install'
[3.083s] Level 1:colcon.colcon_core.package_identification:_identify(src/tractor_description) by extensions ['colcon_pkg']
[3.083s] Level 1:colcon.colcon_core.package_identification:_identify(src/tractor_description) by extension 'colcon_pkg'
[3.083s] Level 1:colcon.colcon_core.package_identification:_identify(src/tractor_description) by extensions ['colcon_meta']
[3.083s] Level 1:colcon.colcon_core.package_identification:_identify(src/tractor_description) by extension 'colcon_meta'
[3.083s] Level 1:colcon.colcon_core.package_identification:_identify(src/tractor_description) by extensions ['ros']
[3.083s] Level 1:colcon.colcon_core.package_identification:_identify(src/tractor_description) by extension 'ros'
[3.255s] DEBUG:colcon.colcon_core.package_identification:Package 'src/tractor_description' with type 'ros.ament_python' and name 'tractor_description'
[3.255s] Level 1:colcon.colcon_core.package_discovery:discover_packages(recursive) using defaults
[3.255s] Level 1:colcon.colcon_core.package_discovery:discover_packages(ignore) discover
[3.255s] Level 1:colcon.colcon_core.package_discovery:discover_packages(ignore) using defaults
[3.255s] Level 1:colcon.colcon_core.package_discovery:discover_packages(path) discover
[3.255s] Level 1:colcon.colcon_core.package_discovery:discover_packages(path) using defaults
[3.341s] Level 1:colcon.colcon_core.package_discovery:discover_packages(prefix_path) check parameters
[3.342s] Level 1:colcon.colcon_core.package_discovery:discover_packages(prefix_path) discover
[3.349s] DEBUG:colcon.colcon_installed_package_information.package_discovery:Found 2 installed packages in /home/andresarias23gmailcom/ros2_ws/install
[3.352s] DEBUG:colcon.colcon_installed_package_information.package_discovery:Found 338 installed packages in /opt/ros/humble
[3.404s] Level 1:colcon.colcon_core.package_discovery:discover_packages(prefix_path) using defaults
[3.815s] Level 5:colcon.colcon_core.verb:set package 'tractor_description' build argument 'cmake_args' from command line to 'None'
[3.815s] Level 5:colcon.colcon_core.verb:set package 'tractor_description' build argument 'cmake_target' from command line to 'None'
[3.816s] Level 5:colcon.colcon_core.verb:set package 'tractor_description' build argument 'cmake_target_skip_unavailable' from command line to 'False'
[3.816s] Level 5:colcon.colcon_core.verb:set package 'tractor_description' build argument 'cmake_clean_cache' from command line to 'False'
[3.816s] Level 5:colcon.colcon_core.verb:set package 'tractor_description' build argument 'cmake_clean_first' from command line to 'False'
[3.816s] Level 5:colcon.colcon_core.verb:set package 'tractor_description' build argument 'cmake_force_configure' from command line to 'False'
[3.816s] Level 5:colcon.colcon_core.verb:set package 'tractor_description' build argument 'ament_cmake_args' from command line to 'None'
[3.816s] Level 5:colcon.colcon_core.verb:set package 'tractor_description' build argument 'catkin_cmake_args' from command line to 'None'
[3.816s] Level 5:colcon.colcon_core.verb:set package 'tractor_description' build argument 'catkin_skip_building_tests' from command line to 'False'
[3.816s] DEBUG:colcon.colcon_core.verb:Building package 'tractor_description' with the following arguments: {'ament_cmake_args': None, 'build_base': '/home/andresarias23gmailcom/ros2_ws/build/tractor_description', 'catkin_cmake_args': None, 'catkin_skip_building_tests': False, 'cmake_args': None, 'cmake_clean_cache': False, 'cmake_clean_first': False, 'cmake_force_configure': False, 'cmake_target': None, 'cmake_target_skip_unavailable': False, 'install_base': '/home/andresarias23gmailcom/ros2_ws/install/tractor_description', 'merge_install': False, 'path': '/home/andresarias23gmailcom/ros2_ws/src/tractor_description', 'symlink_install': False, 'test_result_base': None}
[3.816s] INFO:colcon.colcon_core.executor:Executing jobs using 'parallel' executor
[3.820s] DEBUG:colcon.colcon_parallel_executor.executor.parallel:run_until_complete
[3.821s] INFO:colcon.colcon_ros.task.ament_python.build:Building ROS package in '/home/andresarias23gmailcom/ros2_ws/src/tractor_description' with build type 'ament_python'
[3.821s] Level 1:colcon.colcon_core.shell:create_environment_hook('tractor_description', 'ament_prefix_path')
[3.993s] INFO:colcon.colcon_core.plugin_system:Skipping extension 'colcon_core.shell.bat': Not used on non-Windows systems
[3.994s] INFO:colcon.colcon_core.shell:Creating environment hook '/home/andresarias23gmailcom/ros2_ws/install/tractor_description/share/tractor_description/hook/ament_prefix_path.ps1'
[3.997s] INFO:colcon.colcon_core.shell:Creating environment descriptor '/home/andresarias23gmailcom/ros2_ws/install/tractor_description/share/tractor_description/hook/ament_prefix_path.dsv'
[4.001s] INFO:colcon.colcon_core.shell:Creating environment hook '/home/andresarias23gmailcom/ros2_ws/install/tractor_description/share/tractor_description/hook/ament_prefix_path.sh'
[4.005s] INFO:colcon.colcon_core.shell:Skip shell extension 'powershell' for command environment: Not usable outside of PowerShell
[4.005s] DEBUG:colcon.colcon_core.shell:Skip shell extension 'dsv' for command environment
[4.799s] INFO:colcon.colcon_core.task.python.build:Building Python package in '/home/andresarias23gmailcom/ros2_ws/src/tractor_description'
[4.800s] INFO:colcon.colcon_core.shell:Skip shell extension 'powershell' for command environment: Not usable outside of PowerShell
[4.801s] DEBUG:colcon.colcon_core.shell:Skip shell extension 'dsv' for command environment
[7.276s] DEBUG:colcon.colcon_core.event_handler.log_command:Invoking command in '/home/andresarias23gmailcom/ros2_ws/src/tractor_description': PYTHONPATH=/home/andresarias23gmailcom/ros2_ws/build/tractor_description/prefix_override:/usr/lib/python3/dist-packages/colcon_core/task/python/colcon_distutils_commands:/home/andresarias23gmailcom/ros2_ws/install/tractor_description/lib/python3.10/site-packages:${PYTHONPATH} /usr/bin/python3 -W ignore:setup.py install is deprecated setup.py egg_info --egg-base ../../build/tractor_description build --build-base /home/andresarias23gmailcom/ros2_ws/build/tractor_description/build install --record /home/andresarias23gmailcom/ros2_ws/build/tractor_description/install.log --single-version-externally-managed install_data
[8.022s] DEBUG:colcon.colcon_core.event_handler.log_command:Invoked command in '/home/andresarias23gmailcom/ros2_ws/src/tractor_description' returned '0': PYTHONPATH=/home/andresarias23gmailcom/ros2_ws/build/tractor_description/prefix_override:/usr/lib/python3/dist-packages/colcon_core/task/python/colcon_distutils_commands:/home/andresarias23gmailcom/ros2_ws/install/tractor_description/lib/python3.10/site-packages:${PYTHONPATH} /usr/bin/python3 -W ignore:setup.py install is deprecated setup.py egg_info --egg-base ../../build/tractor_description build --build-base /home/andresarias23gmailcom/ros2_ws/build/tractor_description/build install --record /home/andresarias23gmailcom/ros2_ws/build/tractor_description/install.log --single-version-externally-managed install_data
[8.208s] Level 1:colcon.colcon_core.environment:checking '/home/andresarias23gmailcom/ros2_ws/install/tractor_description' for CMake module files
[8.209s] Level 1:colcon.colcon_core.environment:checking '/home/andresarias23gmailcom/ros2_ws/install/tractor_description' for CMake config files
[8.211s] Level 1:colcon.colcon_core.environment:checking '/home/andresarias23gmailcom/ros2_ws/install/tractor_description/lib'
[8.212s] Level 1:colcon.colcon_core.environment:checking '/home/andresarias23gmailcom/ros2_ws/install/tractor_description/bin'
[8.212s] Level 1:colcon.colcon_core.environment:checking '/home/andresarias23gmailcom/ros2_ws/install/tractor_description/lib/pkgconfig/tractor_description.pc'
[8.212s] Level 1:colcon.colcon_core.environment:checking '/home/andresarias23gmailcom/ros2_ws/install/tractor_description/lib/python3.10/site-packages'
[8.212s] Level 1:colcon.colcon_core.shell:create_environment_hook('tractor_description', 'pythonpath')
[8.213s] INFO:colcon.colcon_core.shell:Creating environment hook '/home/andresarias23gmailcom/ros2_ws/install/tractor_description/share/tractor_description/hook/pythonpath.ps1'
[8.214s] INFO:colcon.colcon_core.shell:Creating environment descriptor '/home/andresarias23gmailcom/ros2_ws/install/tractor_description/share/tractor_description/hook/pythonpath.dsv'
[8.215s] INFO:colcon.colcon_core.shell:Creating environment hook '/home/andresarias23gmailcom/ros2_ws/install/tractor_description/share/tractor_description/hook/pythonpath.sh'
[8.216s] Level 1:colcon.colcon_core.environment:checking '/home/andresarias23gmailcom/ros2_ws/install/tractor_description/bin'
[8.216s] Level 1:colcon.colcon_core.environment:create_environment_scripts_only(tractor_description)
[8.217s] INFO:colcon.colcon_core.shell:Creating package script '/home/andresarias23gmailcom/ros2_ws/install/tractor_description/share/tractor_description/package.ps1'
[8.221s] INFO:colcon.colcon_core.shell:Creating package descriptor '/home/andresarias23gmailcom/ros2_ws/install/tractor_description/share/tractor_description/package.dsv'
[8.225s] INFO:colcon.colcon_core.shell:Creating package script '/home/andresarias23gmailcom/ros2_ws/install/tractor_description/share/tractor_description/package.sh'
[8.229s] INFO:colcon.colcon_core.shell:Creating package script '/home/andresarias23gmailcom/ros2_ws/install/tractor_description/share/tractor_description/package.bash'
[8.233s] INFO:colcon.colcon_core.shell:Creating package script '/home/andresarias23gmailcom/ros2_ws/install/tractor_description/share/tractor_description/package.zsh'
[8.237s] Level 1:colcon.colcon_core.environment:create_file_with_runtime_dependencies(/home/andresarias23gmailcom/ros2_ws/install/tractor_description/share/colcon-core/packages/tractor_description)
[8.239s] DEBUG:colcon.colcon_parallel_executor.executor.parallel:closing loop
[8.241s] DEBUG:colcon.colcon_parallel_executor.executor.parallel:loop closed
[8.241s] DEBUG:colcon.colcon_parallel_executor.executor.parallel:run_until_complete finished with '0'
[8.241s] DEBUG:colcon.colcon_core.event_reactor:joining thread
[8.258s] INFO:colcon.colcon_core.plugin_system:Skipping extension 'colcon_notification.desktop_notification.terminal_notifier': Not used on non-Darwin systems
[8.258s] INFO:colcon.colcon_core.plugin_system:Skipping extension 'colcon_notification.desktop_notification.win32': Not used on non-Windows systems
[8.258s] INFO:colcon.colcon_notification.desktop_notification:Sending desktop notification using 'notify2'
[8.317s] DEBUG:colcon.colcon_core.event_reactor:joined thread
[8.318s] INFO:colcon.colcon_core.shell:Creating prefix script '/home/andresarias23gmailcom/ros2_ws/install/local_setup.ps1'
[8.473s] INFO:colcon.colcon_core.shell:Creating prefix util module '/home/andresarias23gmailcom/ros2_ws/install/_local_setup_util_ps1.py'
[8.479s] INFO:colcon.colcon_core.shell:Creating prefix chain script '/home/andresarias23gmailcom/ros2_ws/install/setup.ps1'
[8.483s] INFO:colcon.colcon_core.shell:Creating prefix script '/home/andresarias23gmailcom/ros2_ws/install/local_setup.sh'
[8.489s] INFO:colcon.colcon_core.shell:Creating prefix util module '/home/andresarias23gmailcom/ros2_ws/install/_local_setup_util_sh.py'
[8.490s] INFO:colcon.colcon_core.shell:Creating prefix chain script '/home/andresarias23gmailcom/ros2_ws/install/setup.sh'
[8.493s] INFO:colcon.colcon_core.shell:Creating prefix script '/home/andresarias23gmailcom/ros2_ws/install/local_setup.bash'
[8.496s] INFO:colcon.colcon_core.shell:Creating prefix chain script '/home/andresarias23gmailcom/ros2_ws/install/setup.bash'
[8.499s] INFO:colcon.colcon_core.shell:Creating prefix script '/home/andresarias23gmailcom/ros2_ws/install/local_setup.zsh'
[8.501s] INFO:colcon.colcon_core.shell:Creating prefix chain script '/home/andresarias23gmailcom/ros2_ws/install/setup.zsh'
