[0.225s] DEBUG:colcon:Command line arguments: ['/usr/bin/colcon', 'build']
[0.226s] DEBUG:colcon:Parsed command line arguments: Namespace(log_base=None, log_level=None, verb_name='build', build_base='build', install_base='install', merge_install=False, symlink_install=False, test_result_base=None, continue_on_error=False, executor='parallel', parallel_workers=6, event_handlers=None, ignore_user_meta=False, metas=['./colcon.meta'], base_paths=['.'], packages_ignore=None, packages_ignore_regex=None, paths=None, packages_up_to=None, packages_up_to_regex=None, packages_above=None, packages_above_and_dependencies=None, packages_above_depth=None, packages_select_by_dep=None, packages_skip_by_dep=None, packages_skip_up_to=None, packages_select_build_failed=False, packages_skip_build_finished=False, packages_select_test_failures=False, packages_skip_test_passed=False, packages_select=None, packages_skip=None, packages_select_regex=None, packages_skip_regex=None, packages_start=None, packages_end=None, allow_overriding=[], cmake_args=None, cmake_target=None, cmake_target_skip_unavailable=False, cmake_clean_cache=False, cmake_clean_first=False, cmake_force_configure=False, ament_cmake_args=None, catkin_cmake_args=None, catkin_skip_building_tests=False, mixin_files=None, mixin=None, verb_parser=<colcon_mixin.mixin.mixin_argument.MixinArgumentDecorator object at 0xffff9efe2800>, verb_extension=<colcon_core.verb.build.BuildVerb object at 0xffff9f0e6ef0>, main=<bound method BuildVerb.main of <colcon_core.verb.build.BuildVerb object at 0xffff9f0e6ef0>>, mixin_verb=('build',))
[0.570s] Level 1:colcon.colcon_core.package_discovery:discover_packages(colcon_meta) check parameters
[0.571s] Level 1:colcon.colcon_core.package_discovery:discover_packages(recursive) check parameters
[0.571s] Level 1:colcon.colcon_core.package_discovery:discover_packages(ignore) check parameters
[0.571s] Level 1:colcon.colcon_core.package_discovery:discover_packages(path) check parameters
[0.571s] Level 1:colcon.colcon_core.package_discovery:discover_packages(colcon_meta) discover
[0.571s] Level 1:colcon.colcon_core.package_discovery:discover_packages(recursive) discover
[0.571s] INFO:colcon.colcon_core.package_discovery:Crawling recursively for packages in '/home/aai/AAI-Tractor-Project/tractor_ws'
[0.571s] Level 1:colcon.colcon_core.package_identification:_identify(.) by extensions ['ignore', 'ignore_ament_install']
[0.571s] Level 1:colcon.colcon_core.package_identification:_identify(.) by extension 'ignore'
[0.572s] Level 1:colcon.colcon_core.package_identification:_identify(.) by extension 'ignore_ament_install'
[0.572s] Level 1:colcon.colcon_core.package_identification:_identify(.) by extensions ['colcon_pkg']
[0.572s] Level 1:colcon.colcon_core.package_identification:_identify(.) by extension 'colcon_pkg'
[0.572s] Level 1:colcon.colcon_core.package_identification:_identify(.) by extensions ['colcon_meta']
[0.572s] Level 1:colcon.colcon_core.package_identification:_identify(.) by extension 'colcon_meta'
[0.572s] Level 1:colcon.colcon_core.package_identification:_identify(.) by extensions ['ros']
[0.572s] Level 1:colcon.colcon_core.package_identification:_identify(.) by extension 'ros'
[0.595s] Level 1:colcon.colcon_core.package_identification:_identify(.) by extensions ['cmake', 'python']
[0.595s] Level 1:colcon.colcon_core.package_identification:_identify(.) by extension 'cmake'
[0.595s] Level 1:colcon.colcon_core.package_identification:_identify(.) by extension 'python'
[0.595s] Level 1:colcon.colcon_core.package_identification:_identify(.) by extensions ['python_setup_py']
[0.596s] Level 1:colcon.colcon_core.package_identification:_identify(.) by extension 'python_setup_py'
[0.596s] Level 1:colcon.colcon_core.package_identification:_identify(build) by extensions ['ignore', 'ignore_ament_install']
[0.596s] Level 1:colcon.colcon_core.package_identification:_identify(build) by extension 'ignore'
[0.596s] Level 1:colcon.colcon_core.package_identification:_identify(build) ignored
[0.596s] Level 1:colcon.colcon_core.package_identification:_identify(install) by extensions ['ignore', 'ignore_ament_install']
[0.597s] Level 1:colcon.colcon_core.package_identification:_identify(install) by extension 'ignore'
[0.597s] Level 1:colcon.colcon_core.package_identification:_identify(install) ignored
[0.597s] Level 1:colcon.colcon_core.package_identification:_identify(log) by extensions ['ignore', 'ignore_ament_install']
[0.597s] Level 1:colcon.colcon_core.package_identification:_identify(log) by extension 'ignore'
[0.597s] Level 1:colcon.colcon_core.package_identification:_identify(log) ignored
[0.597s] Level 1:colcon.colcon_core.package_identification:_identify(src) by extensions ['ignore', 'ignore_ament_install']
[0.598s] Level 1:colcon.colcon_core.package_identification:_identify(src) by extension 'ignore'
[0.598s] Level 1:colcon.colcon_core.package_identification:_identify(src) by extension 'ignore_ament_install'
[0.598s] Level 1:colcon.colcon_core.package_identification:_identify(src) by extensions ['colcon_pkg']
[0.598s] Level 1:colcon.colcon_core.package_identification:_identify(src) by extension 'colcon_pkg'
[0.598s] Level 1:colcon.colcon_core.package_identification:_identify(src) by extensions ['colcon_meta']
[0.598s] Level 1:colcon.colcon_core.package_identification:_identify(src) by extension 'colcon_meta'
[0.598s] Level 1:colcon.colcon_core.package_identification:_identify(src) by extensions ['ros']
[0.598s] Level 1:colcon.colcon_core.package_identification:_identify(src) by extension 'ros'
[0.598s] Level 1:colcon.colcon_core.package_identification:_identify(src) by extensions ['cmake', 'python']
[0.598s] Level 1:colcon.colcon_core.package_identification:_identify(src) by extension 'cmake'
[0.599s] Level 1:colcon.colcon_core.package_identification:_identify(src) by extension 'python'
[0.599s] Level 1:colcon.colcon_core.package_identification:_identify(src) by extensions ['python_setup_py']
[0.599s] Level 1:colcon.colcon_core.package_identification:_identify(src) by extension 'python_setup_py'
[0.599s] Level 1:colcon.colcon_core.package_identification:_identify(src/tractor_control) by extensions ['ignore', 'ignore_ament_install']
[0.599s] Level 1:colcon.colcon_core.package_identification:_identify(src/tractor_control) by extension 'ignore'
[0.599s] Level 1:colcon.colcon_core.package_identification:_identify(src/tractor_control) by extension 'ignore_ament_install'
[0.599s] Level 1:colcon.colcon_core.package_identification:_identify(src/tractor_control) by extensions ['colcon_pkg']
[0.599s] Level 1:colcon.colcon_core.package_identification:_identify(src/tractor_control) by extension 'colcon_pkg'
[0.599s] Level 1:colcon.colcon_core.package_identification:_identify(src/tractor_control) by extensions ['colcon_meta']
[0.600s] Level 1:colcon.colcon_core.package_identification:_identify(src/tractor_control) by extension 'colcon_meta'
[0.600s] Level 1:colcon.colcon_core.package_identification:_identify(src/tractor_control) by extensions ['ros']
[0.600s] Level 1:colcon.colcon_core.package_identification:_identify(src/tractor_control) by extension 'ros'
[0.605s] DEBUG:colcon.colcon_core.package_identification:Package 'src/tractor_control' with type 'ros.ament_python' and name 'tractor_control'
[0.605s] Level 1:colcon.colcon_core.package_identification:_identify(src/tractor_gps_driver) by extensions ['ignore', 'ignore_ament_install']
[0.605s] Level 1:colcon.colcon_core.package_identification:_identify(src/tractor_gps_driver) by extension 'ignore'
[0.605s] Level 1:colcon.colcon_core.package_identification:_identify(src/tractor_gps_driver) by extension 'ignore_ament_install'
[0.605s] Level 1:colcon.colcon_core.package_identification:_identify(src/tractor_gps_driver) by extensions ['colcon_pkg']
[0.606s] Level 1:colcon.colcon_core.package_identification:_identify(src/tractor_gps_driver) by extension 'colcon_pkg'
[0.606s] Level 1:colcon.colcon_core.package_identification:_identify(src/tractor_gps_driver) by extensions ['colcon_meta']
[0.606s] Level 1:colcon.colcon_core.package_identification:_identify(src/tractor_gps_driver) by extension 'colcon_meta'
[0.606s] Level 1:colcon.colcon_core.package_identification:_identify(src/tractor_gps_driver) by extensions ['ros']
[0.606s] Level 1:colcon.colcon_core.package_identification:_identify(src/tractor_gps_driver) by extension 'ros'
[0.607s] DEBUG:colcon.colcon_core.package_identification:Package 'src/tractor_gps_driver' with type 'ros.ament_python' and name 'tractor_gps_driver'
[0.607s] Level 1:colcon.colcon_core.package_discovery:discover_packages(recursive) using defaults
[0.607s] Level 1:colcon.colcon_core.package_discovery:discover_packages(ignore) discover
[0.607s] Level 1:colcon.colcon_core.package_discovery:discover_packages(ignore) using defaults
[0.608s] Level 1:colcon.colcon_core.package_discovery:discover_packages(path) discover
[0.608s] Level 1:colcon.colcon_core.package_discovery:discover_packages(path) using defaults
[0.676s] Level 1:colcon.colcon_core.package_discovery:discover_packages(prefix_path) check parameters
[0.676s] Level 1:colcon.colcon_core.package_discovery:discover_packages(prefix_path) discover
[0.680s] DEBUG:colcon.colcon_installed_package_information.package_discovery:Found 2 installed packages in /home/aai/AAI-Tractor-Project/tractor_ws/install
[0.683s] DEBUG:colcon.colcon_installed_package_information.package_discovery:Found 271 installed packages in /opt/ros/humble
[0.685s] Level 1:colcon.colcon_core.package_discovery:discover_packages(prefix_path) using defaults
[0.759s] Level 5:colcon.colcon_core.verb:set package 'tractor_control' build argument 'cmake_args' from command line to 'None'
[0.760s] Level 5:colcon.colcon_core.verb:set package 'tractor_control' build argument 'cmake_target' from command line to 'None'
[0.760s] Level 5:colcon.colcon_core.verb:set package 'tractor_control' build argument 'cmake_target_skip_unavailable' from command line to 'False'
[0.760s] Level 5:colcon.colcon_core.verb:set package 'tractor_control' build argument 'cmake_clean_cache' from command line to 'False'
[0.760s] Level 5:colcon.colcon_core.verb:set package 'tractor_control' build argument 'cmake_clean_first' from command line to 'False'
[0.760s] Level 5:colcon.colcon_core.verb:set package 'tractor_control' build argument 'cmake_force_configure' from command line to 'False'
[0.760s] Level 5:colcon.colcon_core.verb:set package 'tractor_control' build argument 'ament_cmake_args' from command line to 'None'
[0.760s] Level 5:colcon.colcon_core.verb:set package 'tractor_control' build argument 'catkin_cmake_args' from command line to 'None'
[0.760s] Level 5:colcon.colcon_core.verb:set package 'tractor_control' build argument 'catkin_skip_building_tests' from command line to 'False'
[0.760s] DEBUG:colcon.colcon_core.verb:Building package 'tractor_control' with the following arguments: {'ament_cmake_args': None, 'build_base': '/home/aai/AAI-Tractor-Project/tractor_ws/build/tractor_control', 'catkin_cmake_args': None, 'catkin_skip_building_tests': False, 'cmake_args': None, 'cmake_clean_cache': False, 'cmake_clean_first': False, 'cmake_force_configure': False, 'cmake_target': None, 'cmake_target_skip_unavailable': False, 'install_base': '/home/aai/AAI-Tractor-Project/tractor_ws/install/tractor_control', 'merge_install': False, 'path': '/home/aai/AAI-Tractor-Project/tractor_ws/src/tractor_control', 'symlink_install': False, 'test_result_base': None}
[0.761s] Level 5:colcon.colcon_core.verb:set package 'tractor_gps_driver' build argument 'cmake_args' from command line to 'None'
[0.761s] Level 5:colcon.colcon_core.verb:set package 'tractor_gps_driver' build argument 'cmake_target' from command line to 'None'
[0.761s] Level 5:colcon.colcon_core.verb:set package 'tractor_gps_driver' build argument 'cmake_target_skip_unavailable' from command line to 'False'
[0.761s] Level 5:colcon.colcon_core.verb:set package 'tractor_gps_driver' build argument 'cmake_clean_cache' from command line to 'False'
[0.761s] Level 5:colcon.colcon_core.verb:set package 'tractor_gps_driver' build argument 'cmake_clean_first' from command line to 'False'
[0.761s] Level 5:colcon.colcon_core.verb:set package 'tractor_gps_driver' build argument 'cmake_force_configure' from command line to 'False'
[0.761s] Level 5:colcon.colcon_core.verb:set package 'tractor_gps_driver' build argument 'ament_cmake_args' from command line to 'None'
[0.761s] Level 5:colcon.colcon_core.verb:set package 'tractor_gps_driver' build argument 'catkin_cmake_args' from command line to 'None'
[0.761s] Level 5:colcon.colcon_core.verb:set package 'tractor_gps_driver' build argument 'catkin_skip_building_tests' from command line to 'False'
[0.761s] DEBUG:colcon.colcon_core.verb:Building package 'tractor_gps_driver' with the following arguments: {'ament_cmake_args': None, 'build_base': '/home/aai/AAI-Tractor-Project/tractor_ws/build/tractor_gps_driver', 'catkin_cmake_args': None, 'catkin_skip_building_tests': False, 'cmake_args': None, 'cmake_clean_cache': False, 'cmake_clean_first': False, 'cmake_force_configure': False, 'cmake_target': None, 'cmake_target_skip_unavailable': False, 'install_base': '/home/aai/AAI-Tractor-Project/tractor_ws/install/tractor_gps_driver', 'merge_install': False, 'path': '/home/aai/AAI-Tractor-Project/tractor_ws/src/tractor_gps_driver', 'symlink_install': False, 'test_result_base': None}
[0.762s] INFO:colcon.colcon_core.executor:Executing jobs using 'parallel' executor
[0.764s] DEBUG:colcon.colcon_parallel_executor.executor.parallel:run_until_complete
[0.764s] INFO:colcon.colcon_ros.task.ament_python.build:Building ROS package in '/home/aai/AAI-Tractor-Project/tractor_ws/src/tractor_control' with build type 'ament_python'
[0.765s] Level 1:colcon.colcon_core.shell:create_environment_hook('tractor_control', 'ament_prefix_path')
[0.769s] INFO:colcon.colcon_core.plugin_system:Skipping extension 'colcon_core.shell.bat': Not used on non-Windows systems
[0.769s] INFO:colcon.colcon_core.shell:Creating environment hook '/home/aai/AAI-Tractor-Project/tractor_ws/install/tractor_control/share/tractor_control/hook/ament_prefix_path.ps1'
[0.771s] INFO:colcon.colcon_core.shell:Creating environment descriptor '/home/aai/AAI-Tractor-Project/tractor_ws/install/tractor_control/share/tractor_control/hook/ament_prefix_path.dsv'
[0.772s] INFO:colcon.colcon_core.shell:Creating environment hook '/home/aai/AAI-Tractor-Project/tractor_ws/install/tractor_control/share/tractor_control/hook/ament_prefix_path.sh'
[0.773s] INFO:colcon.colcon_core.shell:Skip shell extension 'powershell' for command environment: Not usable outside of PowerShell
[0.773s] DEBUG:colcon.colcon_core.shell:Skip shell extension 'dsv' for command environment
[0.780s] INFO:colcon.colcon_ros.task.ament_python.build:Building ROS package in '/home/aai/AAI-Tractor-Project/tractor_ws/src/tractor_gps_driver' with build type 'ament_python'
[0.780s] Level 1:colcon.colcon_core.shell:create_environment_hook('tractor_gps_driver', 'ament_prefix_path')
[0.781s] INFO:colcon.colcon_core.shell:Creating environment hook '/home/aai/AAI-Tractor-Project/tractor_ws/install/tractor_gps_driver/share/tractor_gps_driver/hook/ament_prefix_path.ps1'
[0.782s] INFO:colcon.colcon_core.shell:Creating environment descriptor '/home/aai/AAI-Tractor-Project/tractor_ws/install/tractor_gps_driver/share/tractor_gps_driver/hook/ament_prefix_path.dsv'
[0.783s] INFO:colcon.colcon_core.shell:Creating environment hook '/home/aai/AAI-Tractor-Project/tractor_ws/install/tractor_gps_driver/share/tractor_gps_driver/hook/ament_prefix_path.sh'
[0.784s] INFO:colcon.colcon_core.shell:Skip shell extension 'powershell' for command environment: Not usable outside of PowerShell
[0.784s] DEBUG:colcon.colcon_core.shell:Skip shell extension 'dsv' for command environment
[1.336s] INFO:colcon.colcon_core.task.python.build:Building Python package in '/home/aai/AAI-Tractor-Project/tractor_ws/src/tractor_control'
[1.336s] INFO:colcon.colcon_core.shell:Skip shell extension 'powershell' for command environment: Not usable outside of PowerShell
[1.337s] DEBUG:colcon.colcon_core.shell:Skip shell extension 'dsv' for command environment
[1.878s] INFO:colcon.colcon_core.task.python.build:Building Python package in '/home/aai/AAI-Tractor-Project/tractor_ws/src/tractor_gps_driver'
[1.879s] INFO:colcon.colcon_core.shell:Skip shell extension 'powershell' for command environment: Not usable outside of PowerShell
[1.879s] DEBUG:colcon.colcon_core.shell:Skip shell extension 'dsv' for command environment
[2.594s] DEBUG:colcon.colcon_core.event_handler.log_command:Invoking command in '/home/aai/AAI-Tractor-Project/tractor_ws/src/tractor_gps_driver': PYTHONPATH=/home/aai/AAI-Tractor-Project/tractor_ws/build/tractor_gps_driver/prefix_override:/usr/lib/python3/dist-packages/colcon_core/task/python/colcon_distutils_commands:/home/aai/AAI-Tractor-Project/tractor_ws/install/tractor_gps_driver/lib/python3.10/site-packages:${PYTHONPATH} /usr/bin/python3 -W ignore:setup.py install is deprecated setup.py egg_info --egg-base ../../build/tractor_gps_driver build --build-base /home/aai/AAI-Tractor-Project/tractor_ws/build/tractor_gps_driver/build install --record /home/aai/AAI-Tractor-Project/tractor_ws/build/tractor_gps_driver/install.log --single-version-externally-managed install_data
[2.643s] DEBUG:colcon.colcon_core.event_handler.log_command:Invoking command in '/home/aai/AAI-Tractor-Project/tractor_ws/src/tractor_control': PYTHONPATH=/home/aai/AAI-Tractor-Project/tractor_ws/build/tractor_control/prefix_override:/usr/lib/python3/dist-packages/colcon_core/task/python/colcon_distutils_commands:/home/aai/AAI-Tractor-Project/tractor_ws/install/tractor_control/lib/python3.10/site-packages:${PYTHONPATH} /usr/bin/python3 -W ignore:setup.py install is deprecated setup.py egg_info --egg-base ../../build/tractor_control build --build-base /home/aai/AAI-Tractor-Project/tractor_ws/build/tractor_control/build install --record /home/aai/AAI-Tractor-Project/tractor_ws/build/tractor_control/install.log --single-version-externally-managed install_data
[3.224s] DEBUG:colcon.colcon_core.event_handler.log_command:Invoked command in '/home/aai/AAI-Tractor-Project/tractor_ws/src/tractor_gps_driver' returned '0': PYTHONPATH=/home/aai/AAI-Tractor-Project/tractor_ws/build/tractor_gps_driver/prefix_override:/usr/lib/python3/dist-packages/colcon_core/task/python/colcon_distutils_commands:/home/aai/AAI-Tractor-Project/tractor_ws/install/tractor_gps_driver/lib/python3.10/site-packages:${PYTHONPATH} /usr/bin/python3 -W ignore:setup.py install is deprecated setup.py egg_info --egg-base ../../build/tractor_gps_driver build --build-base /home/aai/AAI-Tractor-Project/tractor_ws/build/tractor_gps_driver/build install --record /home/aai/AAI-Tractor-Project/tractor_ws/build/tractor_gps_driver/install.log --single-version-externally-managed install_data
[3.232s] Level 1:colcon.colcon_core.environment:checking '/home/aai/AAI-Tractor-Project/tractor_ws/install/tractor_gps_driver' for CMake module files
[3.233s] Level 1:colcon.colcon_core.environment:checking '/home/aai/AAI-Tractor-Project/tractor_ws/install/tractor_gps_driver' for CMake config files
[3.235s] Level 1:colcon.colcon_core.environment:checking '/home/aai/AAI-Tractor-Project/tractor_ws/install/tractor_gps_driver/lib'
[3.235s] Level 1:colcon.colcon_core.environment:checking '/home/aai/AAI-Tractor-Project/tractor_ws/install/tractor_gps_driver/bin'
[3.235s] Level 1:colcon.colcon_core.environment:checking '/home/aai/AAI-Tractor-Project/tractor_ws/install/tractor_gps_driver/lib/pkgconfig/tractor_gps_driver.pc'
[3.236s] Level 1:colcon.colcon_core.environment:checking '/home/aai/AAI-Tractor-Project/tractor_ws/install/tractor_gps_driver/lib/python3.10/site-packages'
[3.236s] Level 1:colcon.colcon_core.shell:create_environment_hook('tractor_gps_driver', 'pythonpath')
[3.237s] INFO:colcon.colcon_core.shell:Creating environment hook '/home/aai/AAI-Tractor-Project/tractor_ws/install/tractor_gps_driver/share/tractor_gps_driver/hook/pythonpath.ps1'
[3.239s] INFO:colcon.colcon_core.shell:Creating environment descriptor '/home/aai/AAI-Tractor-Project/tractor_ws/install/tractor_gps_driver/share/tractor_gps_driver/hook/pythonpath.dsv'
[3.240s] INFO:colcon.colcon_core.shell:Creating environment hook '/home/aai/AAI-Tractor-Project/tractor_ws/install/tractor_gps_driver/share/tractor_gps_driver/hook/pythonpath.sh'
[3.242s] Level 1:colcon.colcon_core.environment:checking '/home/aai/AAI-Tractor-Project/tractor_ws/install/tractor_gps_driver/bin'
[3.242s] Level 1:colcon.colcon_core.environment:create_environment_scripts_only(tractor_gps_driver)
[3.243s] INFO:colcon.colcon_core.shell:Creating package script '/home/aai/AAI-Tractor-Project/tractor_ws/install/tractor_gps_driver/share/tractor_gps_driver/package.ps1'
[3.246s] INFO:colcon.colcon_core.shell:Creating package descriptor '/home/aai/AAI-Tractor-Project/tractor_ws/install/tractor_gps_driver/share/tractor_gps_driver/package.dsv'
[3.249s] INFO:colcon.colcon_core.shell:Creating package script '/home/aai/AAI-Tractor-Project/tractor_ws/install/tractor_gps_driver/share/tractor_gps_driver/package.sh'
[3.251s] INFO:colcon.colcon_core.shell:Creating package script '/home/aai/AAI-Tractor-Project/tractor_ws/install/tractor_gps_driver/share/tractor_gps_driver/package.bash'
[3.254s] INFO:colcon.colcon_core.shell:Creating package script '/home/aai/AAI-Tractor-Project/tractor_ws/install/tractor_gps_driver/share/tractor_gps_driver/package.zsh'
[3.256s] Level 1:colcon.colcon_core.environment:create_file_with_runtime_dependencies(/home/aai/AAI-Tractor-Project/tractor_ws/install/tractor_gps_driver/share/colcon-core/packages/tractor_gps_driver)
[3.260s] Level 1:colcon.colcon_core.environment:checking '/home/aai/AAI-Tractor-Project/tractor_ws/install/tractor_control' for CMake module files
[3.262s] DEBUG:colcon.colcon_core.event_handler.log_command:Invoked command in '/home/aai/AAI-Tractor-Project/tractor_ws/src/tractor_control' returned '0': PYTHONPATH=/home/aai/AAI-Tractor-Project/tractor_ws/build/tractor_control/prefix_override:/usr/lib/python3/dist-packages/colcon_core/task/python/colcon_distutils_commands:/home/aai/AAI-Tractor-Project/tractor_ws/install/tractor_control/lib/python3.10/site-packages:${PYTHONPATH} /usr/bin/python3 -W ignore:setup.py install is deprecated setup.py egg_info --egg-base ../../build/tractor_control build --build-base /home/aai/AAI-Tractor-Project/tractor_ws/build/tractor_control/build install --record /home/aai/AAI-Tractor-Project/tractor_ws/build/tractor_control/install.log --single-version-externally-managed install_data
[3.263s] Level 1:colcon.colcon_core.environment:checking '/home/aai/AAI-Tractor-Project/tractor_ws/install/tractor_control' for CMake config files
[3.265s] Level 1:colcon.colcon_core.environment:checking '/home/aai/AAI-Tractor-Project/tractor_ws/install/tractor_control/lib'
[3.265s] Level 1:colcon.colcon_core.environment:checking '/home/aai/AAI-Tractor-Project/tractor_ws/install/tractor_control/bin'
[3.265s] Level 1:colcon.colcon_core.environment:checking '/home/aai/AAI-Tractor-Project/tractor_ws/install/tractor_control/lib/pkgconfig/tractor_control.pc'
[3.266s] Level 1:colcon.colcon_core.environment:checking '/home/aai/AAI-Tractor-Project/tractor_ws/install/tractor_control/lib/python3.10/site-packages'
[3.266s] Level 1:colcon.colcon_core.shell:create_environment_hook('tractor_control', 'pythonpath')
[3.267s] INFO:colcon.colcon_core.shell:Creating environment hook '/home/aai/AAI-Tractor-Project/tractor_ws/install/tractor_control/share/tractor_control/hook/pythonpath.ps1'
[3.269s] INFO:colcon.colcon_core.shell:Creating environment descriptor '/home/aai/AAI-Tractor-Project/tractor_ws/install/tractor_control/share/tractor_control/hook/pythonpath.dsv'
[3.270s] INFO:colcon.colcon_core.shell:Creating environment hook '/home/aai/AAI-Tractor-Project/tractor_ws/install/tractor_control/share/tractor_control/hook/pythonpath.sh'
[3.273s] Level 1:colcon.colcon_core.environment:checking '/home/aai/AAI-Tractor-Project/tractor_ws/install/tractor_control/bin'
[3.273s] Level 1:colcon.colcon_core.environment:create_environment_scripts_only(tractor_control)
[3.274s] INFO:colcon.colcon_core.shell:Creating package script '/home/aai/AAI-Tractor-Project/tractor_ws/install/tractor_control/share/tractor_control/package.ps1'
[3.276s] INFO:colcon.colcon_core.shell:Creating package descriptor '/home/aai/AAI-Tractor-Project/tractor_ws/install/tractor_control/share/tractor_control/package.dsv'
[3.277s] INFO:colcon.colcon_core.shell:Creating package script '/home/aai/AAI-Tractor-Project/tractor_ws/install/tractor_control/share/tractor_control/package.sh'
[3.279s] INFO:colcon.colcon_core.shell:Creating package script '/home/aai/AAI-Tractor-Project/tractor_ws/install/tractor_control/share/tractor_control/package.bash'
[3.280s] INFO:colcon.colcon_core.shell:Creating package script '/home/aai/AAI-Tractor-Project/tractor_ws/install/tractor_control/share/tractor_control/package.zsh'
[3.281s] Level 1:colcon.colcon_core.environment:create_file_with_runtime_dependencies(/home/aai/AAI-Tractor-Project/tractor_ws/install/tractor_control/share/colcon-core/packages/tractor_control)
[3.281s] DEBUG:colcon.colcon_parallel_executor.executor.parallel:closing loop
[3.282s] DEBUG:colcon.colcon_parallel_executor.executor.parallel:loop closed
[3.282s] DEBUG:colcon.colcon_parallel_executor.executor.parallel:run_until_complete finished with '0'
[3.283s] DEBUG:colcon.colcon_core.event_reactor:joining thread
[3.303s] INFO:colcon.colcon_core.plugin_system:Skipping extension 'colcon_notification.desktop_notification.terminal_notifier': Not used on non-Darwin systems
[3.303s] INFO:colcon.colcon_core.plugin_system:Skipping extension 'colcon_notification.desktop_notification.win32': Not used on non-Windows systems
[3.303s] INFO:colcon.colcon_notification.desktop_notification:Sending desktop notification using 'notify2'
[3.343s] DEBUG:colcon.colcon_core.event_reactor:joined thread
[3.345s] INFO:colcon.colcon_core.shell:Creating prefix script '/home/aai/AAI-Tractor-Project/tractor_ws/install/local_setup.ps1'
[3.349s] INFO:colcon.colcon_core.shell:Creating prefix util module '/home/aai/AAI-Tractor-Project/tractor_ws/install/_local_setup_util_ps1.py'
[3.354s] INFO:colcon.colcon_core.shell:Creating prefix chain script '/home/aai/AAI-Tractor-Project/tractor_ws/install/setup.ps1'
[3.357s] INFO:colcon.colcon_core.shell:Creating prefix script '/home/aai/AAI-Tractor-Project/tractor_ws/install/local_setup.sh'
[3.358s] INFO:colcon.colcon_core.shell:Creating prefix util module '/home/aai/AAI-Tractor-Project/tractor_ws/install/_local_setup_util_sh.py'
[3.360s] INFO:colcon.colcon_core.shell:Creating prefix chain script '/home/aai/AAI-Tractor-Project/tractor_ws/install/setup.sh'
[3.363s] INFO:colcon.colcon_core.shell:Creating prefix script '/home/aai/AAI-Tractor-Project/tractor_ws/install/local_setup.bash'
[3.365s] INFO:colcon.colcon_core.shell:Creating prefix chain script '/home/aai/AAI-Tractor-Project/tractor_ws/install/setup.bash'
[3.368s] INFO:colcon.colcon_core.shell:Creating prefix script '/home/aai/AAI-Tractor-Project/tractor_ws/install/local_setup.zsh'
[3.371s] INFO:colcon.colcon_core.shell:Creating prefix chain script '/home/aai/AAI-Tractor-Project/tractor_ws/install/setup.zsh'
