running egg_info
creating ../../build/tractor_gps_driver/tractor_gps_driver.egg-info
writing ../../build/tractor_gps_driver/tractor_gps_driver.egg-info/PKG-INFO
writing dependency_links to ../../build/tractor_gps_driver/tractor_gps_driver.egg-info/dependency_links.txt
writing entry points to ../../build/tractor_gps_driver/tractor_gps_driver.egg-info/entry_points.txt
writing requirements to ../../build/tractor_gps_driver/tractor_gps_driver.egg-info/requires.txt
writing top-level names to ../../build/tractor_gps_driver/tractor_gps_driver.egg-info/top_level.txt
writing manifest file '../../build/tractor_gps_driver/tractor_gps_driver.egg-info/SOURCES.txt'
reading manifest file '../../build/tractor_gps_driver/tractor_gps_driver.egg-info/SOURCES.txt'
adding license file 'LICENSE'
writing manifest file '../../build/tractor_gps_driver/tractor_gps_driver.egg-info/SOURCES.txt'
running build
running build_py
creating /home/aai/AAI-Tractor-Project/tractor_ws/build/tractor_gps_driver/build
creating /home/aai/AAI-Tractor-Project/tractor_ws/build/tractor_gps_driver/build/lib
creating /home/aai/AAI-Tractor-Project/tractor_ws/build/tractor_gps_driver/build/lib/tractor_gps_driver
copying tractor_gps_driver/tractor_gps_driver.py -> /home/aai/AAI-Tractor-Project/tractor_ws/build/tractor_gps_driver/build/lib/tractor_gps_driver
copying tractor_gps_driver/__init__.py -> /home/aai/AAI-Tractor-Project/tractor_ws/build/tractor_gps_driver/build/lib/tractor_gps_driver
running install
running install_lib
creating /home/aai/AAI-Tractor-Project/tractor_ws/install/tractor_gps_driver/lib/python3.10/site-packages/tractor_gps_driver
copying /home/aai/AAI-Tractor-Project/tractor_ws/build/tractor_gps_driver/build/lib/tractor_gps_driver/tractor_gps_driver.py -> /home/aai/AAI-Tractor-Project/tractor_ws/install/tractor_gps_driver/lib/python3.10/site-packages/tractor_gps_driver
copying /home/aai/AAI-Tractor-Project/tractor_ws/build/tractor_gps_driver/build/lib/tractor_gps_driver/__init__.py -> /home/aai/AAI-Tractor-Project/tractor_ws/install/tractor_gps_driver/lib/python3.10/site-packages/tractor_gps_driver
byte-compiling /home/aai/AAI-Tractor-Project/tractor_ws/install/tractor_gps_driver/lib/python3.10/site-packages/tractor_gps_driver/tractor_gps_driver.py to tractor_gps_driver.cpython-310.pyc
byte-compiling /home/aai/AAI-Tractor-Project/tractor_ws/install/tractor_gps_driver/lib/python3.10/site-packages/tractor_gps_driver/__init__.py to __init__.cpython-310.pyc
running install_data
creating /home/aai/AAI-Tractor-Project/tractor_ws/install/tractor_gps_driver/share/ament_index
creating /home/aai/AAI-Tractor-Project/tractor_ws/install/tractor_gps_driver/share/ament_index/resource_index
creating /home/aai/AAI-Tractor-Project/tractor_ws/install/tractor_gps_driver/share/ament_index/resource_index/packages
copying resource/tractor_gps_driver -> /home/aai/AAI-Tractor-Project/tractor_ws/install/tractor_gps_driver/share/ament_index/resource_index/packages
copying package.xml -> /home/aai/AAI-Tractor-Project/tractor_ws/install/tractor_gps_driver/share/tractor_gps_driver
running install_egg_info
Copying ../../build/tractor_gps_driver/tractor_gps_driver.egg-info to /home/aai/AAI-Tractor-Project/tractor_ws/install/tractor_gps_driver/lib/python3.10/site-packages/tractor_gps_driver-0.0.0-py3.10.egg-info
running install_scripts
Installing tractor_gps_node script to /home/aai/AAI-Tractor-Project/tractor_ws/install/tractor_gps_driver/lib/tractor_gps_driver
writing list of installed files to '/home/aai/AAI-Tractor-Project/tractor_ws/build/tractor_gps_driver/install.log'
