[1.987s] Invoking command in '/home/aai/AAI-Tractor-Project/tractor_ws/src/tractor_gps_driver': PYTHONPATH=/home/aai/AAI-Tractor-Project/tractor_ws/build/tractor_gps_driver/prefix_override:/usr/lib/python3/dist-packages/colcon_core/task/python/colcon_distutils_commands:/home/aai/AAI-Tractor-Project/tractor_ws/install/tractor_gps_driver/lib/python3.10/site-packages:${PYTHONPATH} /usr/bin/python3 -W ignore:setup.py install is deprecated setup.py egg_info --egg-base ../../build/tractor_gps_driver build --build-base /home/aai/AAI-Tractor-Project/tractor_ws/build/tractor_gps_driver/build install --record /home/aai/AAI-Tractor-Project/tractor_ws/build/tractor_gps_driver/install.log --single-version-externally-managed install_data
[2.488s] running egg_info
[2.489s] creating ../../build/tractor_gps_driver/tractor_gps_driver.egg-info
[2.490s] writing ../../build/tractor_gps_driver/tractor_gps_driver.egg-info/PKG-INFO
[2.490s] writing dependency_links to ../../build/tractor_gps_driver/tractor_gps_driver.egg-info/dependency_links.txt
[2.491s] writing entry points to ../../build/tractor_gps_driver/tractor_gps_driver.egg-info/entry_points.txt
[2.491s] writing requirements to ../../build/tractor_gps_driver/tractor_gps_driver.egg-info/requires.txt
[2.491s] writing top-level names to ../../build/tractor_gps_driver/tractor_gps_driver.egg-info/top_level.txt
[2.492s] writing manifest file '../../build/tractor_gps_driver/tractor_gps_driver.egg-info/SOURCES.txt'
[2.494s] reading manifest file '../../build/tractor_gps_driver/tractor_gps_driver.egg-info/SOURCES.txt'
[2.495s] adding license file 'LICENSE'
[2.496s] writing manifest file '../../build/tractor_gps_driver/tractor_gps_driver.egg-info/SOURCES.txt'
[2.497s] running build
[2.497s] running build_py
[2.497s] creating /home/aai/AAI-Tractor-Project/tractor_ws/build/tractor_gps_driver/build
[2.497s] creating /home/aai/AAI-Tractor-Project/tractor_ws/build/tractor_gps_driver/build/lib
[2.498s] creating /home/aai/AAI-Tractor-Project/tractor_ws/build/tractor_gps_driver/build/lib/tractor_gps_driver
[2.498s] copying tractor_gps_driver/tractor_gps_driver.py -> /home/aai/AAI-Tractor-Project/tractor_ws/build/tractor_gps_driver/build/lib/tractor_gps_driver
[2.498s] copying tractor_gps_driver/__init__.py -> /home/aai/AAI-Tractor-Project/tractor_ws/build/tractor_gps_driver/build/lib/tractor_gps_driver
[2.499s] running install
[2.499s] running install_lib
[2.500s] creating /home/aai/AAI-Tractor-Project/tractor_ws/install/tractor_gps_driver/lib/python3.10/site-packages/tractor_gps_driver
[2.501s] copying /home/aai/AAI-Tractor-Project/tractor_ws/build/tractor_gps_driver/build/lib/tractor_gps_driver/tractor_gps_driver.py -> /home/aai/AAI-Tractor-Project/tractor_ws/install/tractor_gps_driver/lib/python3.10/site-packages/tractor_gps_driver
[2.501s] copying /home/aai/AAI-Tractor-Project/tractor_ws/build/tractor_gps_driver/build/lib/tractor_gps_driver/__init__.py -> /home/aai/AAI-Tractor-Project/tractor_ws/install/tractor_gps_driver/lib/python3.10/site-packages/tractor_gps_driver
[2.502s] byte-compiling /home/aai/AAI-Tractor-Project/tractor_ws/install/tractor_gps_driver/lib/python3.10/site-packages/tractor_gps_driver/tractor_gps_driver.py to tractor_gps_driver.cpython-310.pyc
[2.503s] byte-compiling /home/aai/AAI-Tractor-Project/tractor_ws/install/tractor_gps_driver/lib/python3.10/site-packages/tractor_gps_driver/__init__.py to __init__.cpython-310.pyc
[2.504s] running install_data
[2.504s] creating /home/aai/AAI-Tractor-Project/tractor_ws/install/tractor_gps_driver/share/ament_index
[2.504s] creating /home/aai/AAI-Tractor-Project/tractor_ws/install/tractor_gps_driver/share/ament_index/resource_index
[2.504s] creating /home/aai/AAI-Tractor-Project/tractor_ws/install/tractor_gps_driver/share/ament_index/resource_index/packages
[2.505s] copying resource/tractor_gps_driver -> /home/aai/AAI-Tractor-Project/tractor_ws/install/tractor_gps_driver/share/ament_index/resource_index/packages
[2.505s] copying package.xml -> /home/aai/AAI-Tractor-Project/tractor_ws/install/tractor_gps_driver/share/tractor_gps_driver
[2.505s] running install_egg_info
[2.508s] Copying ../../build/tractor_gps_driver/tractor_gps_driver.egg-info to /home/aai/AAI-Tractor-Project/tractor_ws/install/tractor_gps_driver/lib/python3.10/site-packages/tractor_gps_driver-0.0.0-py3.10.egg-info
[2.511s] running install_scripts
[2.554s] Installing tractor_gps_node script to /home/aai/AAI-Tractor-Project/tractor_ws/install/tractor_gps_driver/lib/tractor_gps_driver
[2.554s] writing list of installed files to '/home/aai/AAI-Tractor-Project/tractor_ws/build/tractor_gps_driver/install.log'
[2.626s] Invoked command in '/home/aai/AAI-Tractor-Project/tractor_ws/src/tractor_gps_driver' returned '0': PYTHONPATH=/home/aai/AAI-Tractor-Project/tractor_ws/build/tractor_gps_driver/prefix_override:/usr/lib/python3/dist-packages/colcon_core/task/python/colcon_distutils_commands:/home/aai/AAI-Tractor-Project/tractor_ws/install/tractor_gps_driver/lib/python3.10/site-packages:${PYTHONPATH} /usr/bin/python3 -W ignore:setup.py install is deprecated setup.py egg_info --egg-base ../../build/tractor_gps_driver build --build-base /home/aai/AAI-Tractor-Project/tractor_ws/build/tractor_gps_driver/build install --record /home/aai/AAI-Tractor-Project/tractor_ws/build/tractor_gps_driver/install.log --single-version-externally-managed install_data
