[1.123s] DEBUG:colcon:Command line arguments: ['/usr/bin/colcon', 'build']
[1.124s] DEBUG:colcon:Parsed command line arguments: Namespace(log_base=None, log_level=None, verb_name='build', build_base='build', install_base='install', merge_install=False, symlink_install=False, test_result_base=None, continue_on_error=False, executor='parallel', parallel_workers=6, event_handlers=None, ignore_user_meta=False, metas=['./colcon.meta'], base_paths=['.'], packages_ignore=None, packages_ignore_regex=None, paths=None, packages_up_to=None, packages_up_to_regex=None, packages_above=None, packages_above_and_dependencies=None, packages_above_depth=None, packages_select_by_dep=None, packages_skip_by_dep=None, packages_skip_up_to=None, packages_select_build_failed=False, packages_skip_build_finished=False, packages_select_test_failures=False, packages_skip_test_passed=False, packages_select=None, packages_skip=None, packages_select_regex=None, packages_skip_regex=None, packages_start=None, packages_end=None, allow_overriding=[], cmake_args=None, cmake_target=None, cmake_target_skip_unavailable=False, cmake_clean_cache=False, cmake_clean_first=False, cmake_force_configure=False, ament_cmake_args=None, catkin_cmake_args=None, catkin_skip_building_tests=False, mixin_files=None, mixin=None, verb_parser=<colcon_mixin.mixin.mixin_argument.MixinArgumentDecorator object at 0xffff8bb5e1d0>, verb_extension=<colcon_core.verb.build.BuildVerb object at 0xffff8bc86830>, main=<bound method BuildVerb.main of <colcon_core.verb.build.BuildVerb object at 0xffff8bc86830>>, mixin_verb=('build',))
[2.136s] Level 1:colcon.colcon_core.package_discovery:discover_packages(colcon_meta) check parameters
[2.137s] Level 1:colcon.colcon_core.package_discovery:discover_packages(recursive) check parameters
[2.137s] Level 1:colcon.colcon_core.package_discovery:discover_packages(ignore) check parameters
[2.137s] Level 1:colcon.colcon_core.package_discovery:discover_packages(path) check parameters
[2.137s] Level 1:colcon.colcon_core.package_discovery:discover_packages(colcon_meta) discover
[2.138s] Level 1:colcon.colcon_core.package_discovery:discover_packages(recursive) discover
[2.138s] INFO:colcon.colcon_core.package_discovery:Crawling recursively for packages in '/home/aai/AAI-Tractor-Project/tractor_ws'
[2.138s] Level 1:colcon.colcon_core.package_identification:_identify(.) by extensions ['ignore', 'ignore_ament_install']
[2.139s] Level 1:colcon.colcon_core.package_identification:_identify(.) by extension 'ignore'
[2.139s] Level 1:colcon.colcon_core.package_identification:_identify(.) by extension 'ignore_ament_install'
[2.139s] Level 1:colcon.colcon_core.package_identification:_identify(.) by extensions ['colcon_pkg']
[2.140s] Level 1:colcon.colcon_core.package_identification:_identify(.) by extension 'colcon_pkg'
[2.140s] Level 1:colcon.colcon_core.package_identification:_identify(.) by extensions ['colcon_meta']
[2.140s] Level 1:colcon.colcon_core.package_identification:_identify(.) by extension 'colcon_meta'
[2.140s] Level 1:colcon.colcon_core.package_identification:_identify(.) by extensions ['ros']
[2.140s] Level 1:colcon.colcon_core.package_identification:_identify(.) by extension 'ros'
[2.192s] Level 1:colcon.colcon_core.package_identification:_identify(.) by extensions ['cmake', 'python']
[2.193s] Level 1:colcon.colcon_core.package_identification:_identify(.) by extension 'cmake'
[2.193s] Level 1:colcon.colcon_core.package_identification:_identify(.) by extension 'python'
[2.193s] Level 1:colcon.colcon_core.package_identification:_identify(.) by extensions ['python_setup_py']
[2.193s] Level 1:colcon.colcon_core.package_identification:_identify(.) by extension 'python_setup_py'
[2.193s] Level 1:colcon.colcon_core.package_identification:_identify(build) by extensions ['ignore', 'ignore_ament_install']
[2.194s] Level 1:colcon.colcon_core.package_identification:_identify(build) by extension 'ignore'
[2.194s] Level 1:colcon.colcon_core.package_identification:_identify(build) ignored
[2.194s] Level 1:colcon.colcon_core.package_identification:_identify(install) by extensions ['ignore', 'ignore_ament_install']
[2.195s] Level 1:colcon.colcon_core.package_identification:_identify(install) by extension 'ignore'
[2.195s] Level 1:colcon.colcon_core.package_identification:_identify(install) ignored
[2.195s] Level 1:colcon.colcon_core.package_identification:_identify(log) by extensions ['ignore', 'ignore_ament_install']
[2.195s] Level 1:colcon.colcon_core.package_identification:_identify(log) by extension 'ignore'
[2.196s] Level 1:colcon.colcon_core.package_identification:_identify(log) ignored
[2.196s] Level 1:colcon.colcon_core.package_identification:_identify(src) by extensions ['ignore', 'ignore_ament_install']
[2.196s] Level 1:colcon.colcon_core.package_identification:_identify(src) by extension 'ignore'
[2.196s] Level 1:colcon.colcon_core.package_identification:_identify(src) by extension 'ignore_ament_install'
[2.196s] Level 1:colcon.colcon_core.package_identification:_identify(src) by extensions ['colcon_pkg']
[2.196s] Level 1:colcon.colcon_core.package_identification:_identify(src) by extension 'colcon_pkg'
[2.197s] Level 1:colcon.colcon_core.package_identification:_identify(src) by extensions ['colcon_meta']
[2.197s] Level 1:colcon.colcon_core.package_identification:_identify(src) by extension 'colcon_meta'
[2.197s] Level 1:colcon.colcon_core.package_identification:_identify(src) by extensions ['ros']
[2.197s] Level 1:colcon.colcon_core.package_identification:_identify(src) by extension 'ros'
[2.197s] Level 1:colcon.colcon_core.package_identification:_identify(src) by extensions ['cmake', 'python']
[2.197s] Level 1:colcon.colcon_core.package_identification:_identify(src) by extension 'cmake'
[2.197s] Level 1:colcon.colcon_core.package_identification:_identify(src) by extension 'python'
[2.198s] Level 1:colcon.colcon_core.package_identification:_identify(src) by extensions ['python_setup_py']
[2.198s] Level 1:colcon.colcon_core.package_identification:_identify(src) by extension 'python_setup_py'
[2.198s] Level 1:colcon.colcon_core.package_identification:_identify(src/tractor_control) by extensions ['ignore', 'ignore_ament_install']
[2.198s] Level 1:colcon.colcon_core.package_identification:_identify(src/tractor_control) by extension 'ignore'
[2.198s] Level 1:colcon.colcon_core.package_identification:_identify(src/tractor_control) by extension 'ignore_ament_install'
[2.198s] Level 1:colcon.colcon_core.package_identification:_identify(src/tractor_control) by extensions ['colcon_pkg']
[2.199s] Level 1:colcon.colcon_core.package_identification:_identify(src/tractor_control) by extension 'colcon_pkg'
[2.199s] Level 1:colcon.colcon_core.package_identification:_identify(src/tractor_control) by extensions ['colcon_meta']
[2.199s] Level 1:colcon.colcon_core.package_identification:_identify(src/tractor_control) by extension 'colcon_meta'
[2.199s] Level 1:colcon.colcon_core.package_identification:_identify(src/tractor_control) by extensions ['ros']
[2.199s] Level 1:colcon.colcon_core.package_identification:_identify(src/tractor_control) by extension 'ros'
[2.209s] DEBUG:colcon.colcon_core.package_identification:Package 'src/tractor_control' with type 'ros.ament_python' and name 'tractor_control'
[2.210s] Level 1:colcon.colcon_core.package_identification:_identify(src/tractor_gps_driver) by extensions ['ignore', 'ignore_ament_install']
[2.210s] Level 1:colcon.colcon_core.package_identification:_identify(src/tractor_gps_driver) by extension 'ignore'
[2.210s] Level 1:colcon.colcon_core.package_identification:_identify(src/tractor_gps_driver) by extension 'ignore_ament_install'
[2.211s] Level 1:colcon.colcon_core.package_identification:_identify(src/tractor_gps_driver) by extensions ['colcon_pkg']
[2.211s] Level 1:colcon.colcon_core.package_identification:_identify(src/tractor_gps_driver) by extension 'colcon_pkg'
[2.211s] Level 1:colcon.colcon_core.package_identification:_identify(src/tractor_gps_driver) by extensions ['colcon_meta']
[2.211s] Level 1:colcon.colcon_core.package_identification:_identify(src/tractor_gps_driver) by extension 'colcon_meta'
[2.211s] Level 1:colcon.colcon_core.package_identification:_identify(src/tractor_gps_driver) by extensions ['ros']
[2.211s] Level 1:colcon.colcon_core.package_identification:_identify(src/tractor_gps_driver) by extension 'ros'
[2.213s] DEBUG:colcon.colcon_core.package_identification:Package 'src/tractor_gps_driver' with type 'ros.ament_python' and name 'tractor_gps_driver'
[2.213s] Level 1:colcon.colcon_core.package_discovery:discover_packages(recursive) using defaults
[2.213s] Level 1:colcon.colcon_core.package_discovery:discover_packages(ignore) discover
[2.213s] Level 1:colcon.colcon_core.package_discovery:discover_packages(ignore) using defaults
[2.213s] Level 1:colcon.colcon_core.package_discovery:discover_packages(path) discover
[2.213s] Level 1:colcon.colcon_core.package_discovery:discover_packages(path) using defaults
[2.439s] Level 1:colcon.colcon_core.package_discovery:discover_packages(prefix_path) check parameters
[2.439s] Level 1:colcon.colcon_core.package_discovery:discover_packages(prefix_path) discover
[2.452s] DEBUG:colcon.colcon_installed_package_information.package_discovery:Found 271 installed packages in /opt/ros/humble
[2.457s] Level 1:colcon.colcon_core.package_discovery:discover_packages(prefix_path) using defaults
[2.551s] Level 5:colcon.colcon_core.verb:set package 'tractor_control' build argument 'cmake_args' from command line to 'None'
[2.551s] Level 5:colcon.colcon_core.verb:set package 'tractor_control' build argument 'cmake_target' from command line to 'None'
[2.551s] Level 5:colcon.colcon_core.verb:set package 'tractor_control' build argument 'cmake_target_skip_unavailable' from command line to 'False'
[2.551s] Level 5:colcon.colcon_core.verb:set package 'tractor_control' build argument 'cmake_clean_cache' from command line to 'False'
[2.551s] Level 5:colcon.colcon_core.verb:set package 'tractor_control' build argument 'cmake_clean_first' from command line to 'False'
[2.551s] Level 5:colcon.colcon_core.verb:set package 'tractor_control' build argument 'cmake_force_configure' from command line to 'False'
[2.551s] Level 5:colcon.colcon_core.verb:set package 'tractor_control' build argument 'ament_cmake_args' from command line to 'None'
[2.551s] Level 5:colcon.colcon_core.verb:set package 'tractor_control' build argument 'catkin_cmake_args' from command line to 'None'
[2.551s] Level 5:colcon.colcon_core.verb:set package 'tractor_control' build argument 'catkin_skip_building_tests' from command line to 'False'
[2.551s] DEBUG:colcon.colcon_core.verb:Building package 'tractor_control' with the following arguments: {'ament_cmake_args': None, 'build_base': '/home/aai/AAI-Tractor-Project/tractor_ws/build/tractor_control', 'catkin_cmake_args': None, 'catkin_skip_building_tests': False, 'cmake_args': None, 'cmake_clean_cache': False, 'cmake_clean_first': False, 'cmake_force_configure': False, 'cmake_target': None, 'cmake_target_skip_unavailable': False, 'install_base': '/home/aai/AAI-Tractor-Project/tractor_ws/install/tractor_control', 'merge_install': False, 'path': '/home/aai/AAI-Tractor-Project/tractor_ws/src/tractor_control', 'symlink_install': False, 'test_result_base': None}
[2.552s] Level 5:colcon.colcon_core.verb:set package 'tractor_gps_driver' build argument 'cmake_args' from command line to 'None'
[2.552s] Level 5:colcon.colcon_core.verb:set package 'tractor_gps_driver' build argument 'cmake_target' from command line to 'None'
[2.552s] Level 5:colcon.colcon_core.verb:set package 'tractor_gps_driver' build argument 'cmake_target_skip_unavailable' from command line to 'False'
[2.552s] Level 5:colcon.colcon_core.verb:set package 'tractor_gps_driver' build argument 'cmake_clean_cache' from command line to 'False'
[2.552s] Level 5:colcon.colcon_core.verb:set package 'tractor_gps_driver' build argument 'cmake_clean_first' from command line to 'False'
[2.552s] Level 5:colcon.colcon_core.verb:set package 'tractor_gps_driver' build argument 'cmake_force_configure' from command line to 'False'
[2.552s] Level 5:colcon.colcon_core.verb:set package 'tractor_gps_driver' build argument 'ament_cmake_args' from command line to 'None'
[2.552s] Level 5:colcon.colcon_core.verb:set package 'tractor_gps_driver' build argument 'catkin_cmake_args' from command line to 'None'
[2.553s] Level 5:colcon.colcon_core.verb:set package 'tractor_gps_driver' build argument 'catkin_skip_building_tests' from command line to 'False'
[2.553s] DEBUG:colcon.colcon_core.verb:Building package 'tractor_gps_driver' with the following arguments: {'ament_cmake_args': None, 'build_base': '/home/aai/AAI-Tractor-Project/tractor_ws/build/tractor_gps_driver', 'catkin_cmake_args': None, 'catkin_skip_building_tests': False, 'cmake_args': None, 'cmake_clean_cache': False, 'cmake_clean_first': False, 'cmake_force_configure': False, 'cmake_target': None, 'cmake_target_skip_unavailable': False, 'install_base': '/home/aai/AAI-Tractor-Project/tractor_ws/install/tractor_gps_driver', 'merge_install': False, 'path': '/home/aai/AAI-Tractor-Project/tractor_ws/src/tractor_gps_driver', 'symlink_install': False, 'test_result_base': None}
[2.553s] INFO:colcon.colcon_core.executor:Executing jobs using 'parallel' executor
[2.555s] DEBUG:colcon.colcon_parallel_executor.executor.parallel:run_until_complete
[2.556s] INFO:colcon.colcon_ros.task.ament_python.build:Building ROS package in '/home/aai/AAI-Tractor-Project/tractor_ws/src/tractor_control' with build type 'ament_python'
[2.556s] Level 1:colcon.colcon_core.shell:create_environment_hook('tractor_control', 'ament_prefix_path')
[2.571s] INFO:colcon.colcon_core.plugin_system:Skipping extension 'colcon_core.shell.bat': Not used on non-Windows systems
[2.572s] INFO:colcon.colcon_core.shell:Creating environment hook '/home/aai/AAI-Tractor-Project/tractor_ws/install/tractor_control/share/tractor_control/hook/ament_prefix_path.ps1'
[2.575s] INFO:colcon.colcon_core.shell:Creating environment descriptor '/home/aai/AAI-Tractor-Project/tractor_ws/install/tractor_control/share/tractor_control/hook/ament_prefix_path.dsv'
[2.577s] INFO:colcon.colcon_core.shell:Creating environment hook '/home/aai/AAI-Tractor-Project/tractor_ws/install/tractor_control/share/tractor_control/hook/ament_prefix_path.sh'
[2.579s] INFO:colcon.colcon_core.shell:Skip shell extension 'powershell' for command environment: Not usable outside of PowerShell
[2.579s] DEBUG:colcon.colcon_core.shell:Skip shell extension 'dsv' for command environment
[2.585s] INFO:colcon.colcon_ros.task.ament_python.build:Building ROS package in '/home/aai/AAI-Tractor-Project/tractor_ws/src/tractor_gps_driver' with build type 'ament_python'
[2.585s] Level 1:colcon.colcon_core.shell:create_environment_hook('tractor_gps_driver', 'ament_prefix_path')
[2.585s] INFO:colcon.colcon_core.shell:Creating environment hook '/home/aai/AAI-Tractor-Project/tractor_ws/install/tractor_gps_driver/share/tractor_gps_driver/hook/ament_prefix_path.ps1'
[2.587s] INFO:colcon.colcon_core.shell:Creating environment descriptor '/home/aai/AAI-Tractor-Project/tractor_ws/install/tractor_gps_driver/share/tractor_gps_driver/hook/ament_prefix_path.dsv'
[2.588s] INFO:colcon.colcon_core.shell:Creating environment hook '/home/aai/AAI-Tractor-Project/tractor_ws/install/tractor_gps_driver/share/tractor_gps_driver/hook/ament_prefix_path.sh'
[2.589s] INFO:colcon.colcon_core.shell:Skip shell extension 'powershell' for command environment: Not usable outside of PowerShell
[2.589s] DEBUG:colcon.colcon_core.shell:Skip shell extension 'dsv' for command environment
[3.130s] INFO:colcon.colcon_core.task.python.build:Building Python package in '/home/aai/AAI-Tractor-Project/tractor_ws/src/tractor_control'
[3.131s] INFO:colcon.colcon_core.shell:Skip shell extension 'powershell' for command environment: Not usable outside of PowerShell
[3.131s] DEBUG:colcon.colcon_core.shell:Skip shell extension 'dsv' for command environment
[3.674s] INFO:colcon.colcon_core.task.python.build:Building Python package in '/home/aai/AAI-Tractor-Project/tractor_ws/src/tractor_gps_driver'
[3.675s] INFO:colcon.colcon_core.shell:Skip shell extension 'powershell' for command environment: Not usable outside of PowerShell
[3.675s] DEBUG:colcon.colcon_core.shell:Skip shell extension 'dsv' for command environment
[4.572s] DEBUG:colcon.colcon_core.event_handler.log_command:Invoking command in '/home/aai/AAI-Tractor-Project/tractor_ws/src/tractor_gps_driver': PYTHONPATH=/home/aai/AAI-Tractor-Project/tractor_ws/build/tractor_gps_driver/prefix_override:/usr/lib/python3/dist-packages/colcon_core/task/python/colcon_distutils_commands:/home/aai/AAI-Tractor-Project/tractor_ws/install/tractor_gps_driver/lib/python3.10/site-packages:${PYTHONPATH} /usr/bin/python3 -W ignore:setup.py install is deprecated setup.py egg_info --egg-base ../../build/tractor_gps_driver build --build-base /home/aai/AAI-Tractor-Project/tractor_ws/build/tractor_gps_driver/build install --record /home/aai/AAI-Tractor-Project/tractor_ws/build/tractor_gps_driver/install.log --single-version-externally-managed install_data
[4.585s] DEBUG:colcon.colcon_core.event_handler.log_command:Invoking command in '/home/aai/AAI-Tractor-Project/tractor_ws/src/tractor_control': PYTHONPATH=/home/aai/AAI-Tractor-Project/tractor_ws/build/tractor_control/prefix_override:/usr/lib/python3/dist-packages/colcon_core/task/python/colcon_distutils_commands:/home/aai/AAI-Tractor-Project/tractor_ws/install/tractor_control/lib/python3.10/site-packages:${PYTHONPATH} /usr/bin/python3 -W ignore:setup.py install is deprecated setup.py egg_info --egg-base ../../build/tractor_control build --build-base /home/aai/AAI-Tractor-Project/tractor_ws/build/tractor_control/build install --record /home/aai/AAI-Tractor-Project/tractor_ws/build/tractor_control/install.log --single-version-externally-managed install_data
[5.211s] DEBUG:colcon.colcon_core.event_handler.log_command:Invoked command in '/home/aai/AAI-Tractor-Project/tractor_ws/src/tractor_gps_driver' returned '0': PYTHONPATH=/home/aai/AAI-Tractor-Project/tractor_ws/build/tractor_gps_driver/prefix_override:/usr/lib/python3/dist-packages/colcon_core/task/python/colcon_distutils_commands:/home/aai/AAI-Tractor-Project/tractor_ws/install/tractor_gps_driver/lib/python3.10/site-packages:${PYTHONPATH} /usr/bin/python3 -W ignore:setup.py install is deprecated setup.py egg_info --egg-base ../../build/tractor_gps_driver build --build-base /home/aai/AAI-Tractor-Project/tractor_ws/build/tractor_gps_driver/build install --record /home/aai/AAI-Tractor-Project/tractor_ws/build/tractor_gps_driver/install.log --single-version-externally-managed install_data
[5.231s] Level 1:colcon.colcon_core.environment:checking '/home/aai/AAI-Tractor-Project/tractor_ws/install/tractor_gps_driver' for CMake module files
[5.233s] Level 1:colcon.colcon_core.environment:checking '/home/aai/AAI-Tractor-Project/tractor_ws/install/tractor_gps_driver' for CMake config files
[5.235s] Level 1:colcon.colcon_core.environment:checking '/home/aai/AAI-Tractor-Project/tractor_ws/install/tractor_gps_driver/lib'
[5.235s] Level 1:colcon.colcon_core.environment:checking '/home/aai/AAI-Tractor-Project/tractor_ws/install/tractor_gps_driver/bin'
[5.235s] Level 1:colcon.colcon_core.environment:checking '/home/aai/AAI-Tractor-Project/tractor_ws/install/tractor_gps_driver/lib/pkgconfig/tractor_gps_driver.pc'
[5.236s] Level 1:colcon.colcon_core.environment:checking '/home/aai/AAI-Tractor-Project/tractor_ws/install/tractor_gps_driver/lib/python3.10/site-packages'
[5.237s] Level 1:colcon.colcon_core.shell:create_environment_hook('tractor_gps_driver', 'pythonpath')
[5.238s] INFO:colcon.colcon_core.shell:Creating environment hook '/home/aai/AAI-Tractor-Project/tractor_ws/install/tractor_gps_driver/share/tractor_gps_driver/hook/pythonpath.ps1'
[5.239s] INFO:colcon.colcon_core.shell:Creating environment descriptor '/home/aai/AAI-Tractor-Project/tractor_ws/install/tractor_gps_driver/share/tractor_gps_driver/hook/pythonpath.dsv'
[5.240s] INFO:colcon.colcon_core.shell:Creating environment hook '/home/aai/AAI-Tractor-Project/tractor_ws/install/tractor_gps_driver/share/tractor_gps_driver/hook/pythonpath.sh'
[5.243s] Level 1:colcon.colcon_core.environment:checking '/home/aai/AAI-Tractor-Project/tractor_ws/install/tractor_gps_driver/bin'
[5.243s] Level 1:colcon.colcon_core.environment:create_environment_scripts_only(tractor_gps_driver)
[5.244s] INFO:colcon.colcon_core.shell:Creating package script '/home/aai/AAI-Tractor-Project/tractor_ws/install/tractor_gps_driver/share/tractor_gps_driver/package.ps1'
[5.248s] INFO:colcon.colcon_core.shell:Creating package descriptor '/home/aai/AAI-Tractor-Project/tractor_ws/install/tractor_gps_driver/share/tractor_gps_driver/package.dsv'
[5.251s] INFO:colcon.colcon_core.shell:Creating package script '/home/aai/AAI-Tractor-Project/tractor_ws/install/tractor_gps_driver/share/tractor_gps_driver/package.sh'
[5.254s] INFO:colcon.colcon_core.shell:Creating package script '/home/aai/AAI-Tractor-Project/tractor_ws/install/tractor_gps_driver/share/tractor_gps_driver/package.bash'
[5.259s] INFO:colcon.colcon_core.shell:Creating package script '/home/aai/AAI-Tractor-Project/tractor_ws/install/tractor_gps_driver/share/tractor_gps_driver/package.zsh'
[5.262s] Level 1:colcon.colcon_core.environment:create_file_with_runtime_dependencies(/home/aai/AAI-Tractor-Project/tractor_ws/install/tractor_gps_driver/share/colcon-core/packages/tractor_gps_driver)
[5.268s] Level 1:colcon.colcon_core.environment:checking '/home/aai/AAI-Tractor-Project/tractor_ws/install/tractor_control' for CMake module files
[5.270s] DEBUG:colcon.colcon_core.event_handler.log_command:Invoked command in '/home/aai/AAI-Tractor-Project/tractor_ws/src/tractor_control' returned '0': PYTHONPATH=/home/aai/AAI-Tractor-Project/tractor_ws/build/tractor_control/prefix_override:/usr/lib/python3/dist-packages/colcon_core/task/python/colcon_distutils_commands:/home/aai/AAI-Tractor-Project/tractor_ws/install/tractor_control/lib/python3.10/site-packages:${PYTHONPATH} /usr/bin/python3 -W ignore:setup.py install is deprecated setup.py egg_info --egg-base ../../build/tractor_control build --build-base /home/aai/AAI-Tractor-Project/tractor_ws/build/tractor_control/build install --record /home/aai/AAI-Tractor-Project/tractor_ws/build/tractor_control/install.log --single-version-externally-managed install_data
[5.271s] Level 1:colcon.colcon_core.environment:checking '/home/aai/AAI-Tractor-Project/tractor_ws/install/tractor_control' for CMake config files
[5.274s] Level 1:colcon.colcon_core.environment:checking '/home/aai/AAI-Tractor-Project/tractor_ws/install/tractor_control/lib'
[5.274s] Level 1:colcon.colcon_core.environment:checking '/home/aai/AAI-Tractor-Project/tractor_ws/install/tractor_control/bin'
[5.274s] Level 1:colcon.colcon_core.environment:checking '/home/aai/AAI-Tractor-Project/tractor_ws/install/tractor_control/lib/pkgconfig/tractor_control.pc'
[5.275s] Level 1:colcon.colcon_core.environment:checking '/home/aai/AAI-Tractor-Project/tractor_ws/install/tractor_control/lib/python3.10/site-packages'
[5.275s] Level 1:colcon.colcon_core.shell:create_environment_hook('tractor_control', 'pythonpath')
[5.276s] INFO:colcon.colcon_core.shell:Creating environment hook '/home/aai/AAI-Tractor-Project/tractor_ws/install/tractor_control/share/tractor_control/hook/pythonpath.ps1'
[5.278s] INFO:colcon.colcon_core.shell:Creating environment descriptor '/home/aai/AAI-Tractor-Project/tractor_ws/install/tractor_control/share/tractor_control/hook/pythonpath.dsv'
[5.281s] INFO:colcon.colcon_core.shell:Creating environment hook '/home/aai/AAI-Tractor-Project/tractor_ws/install/tractor_control/share/tractor_control/hook/pythonpath.sh'
[5.284s] Level 1:colcon.colcon_core.environment:checking '/home/aai/AAI-Tractor-Project/tractor_ws/install/tractor_control/bin'
[5.284s] Level 1:colcon.colcon_core.environment:create_environment_scripts_only(tractor_control)
[5.285s] INFO:colcon.colcon_core.shell:Creating package script '/home/aai/AAI-Tractor-Project/tractor_ws/install/tractor_control/share/tractor_control/package.ps1'
[5.287s] INFO:colcon.colcon_core.shell:Creating package descriptor '/home/aai/AAI-Tractor-Project/tractor_ws/install/tractor_control/share/tractor_control/package.dsv'
[5.289s] INFO:colcon.colcon_core.shell:Creating package script '/home/aai/AAI-Tractor-Project/tractor_ws/install/tractor_control/share/tractor_control/package.sh'
[5.290s] INFO:colcon.colcon_core.shell:Creating package script '/home/aai/AAI-Tractor-Project/tractor_ws/install/tractor_control/share/tractor_control/package.bash'
[5.292s] INFO:colcon.colcon_core.shell:Creating package script '/home/aai/AAI-Tractor-Project/tractor_ws/install/tractor_control/share/tractor_control/package.zsh'
[5.293s] Level 1:colcon.colcon_core.environment:create_file_with_runtime_dependencies(/home/aai/AAI-Tractor-Project/tractor_ws/install/tractor_control/share/colcon-core/packages/tractor_control)
[5.294s] DEBUG:colcon.colcon_parallel_executor.executor.parallel:closing loop
[5.295s] DEBUG:colcon.colcon_parallel_executor.executor.parallel:loop closed
[5.296s] DEBUG:colcon.colcon_parallel_executor.executor.parallel:run_until_complete finished with '0'
[5.296s] DEBUG:colcon.colcon_core.event_reactor:joining thread
[5.316s] INFO:colcon.colcon_core.plugin_system:Skipping extension 'colcon_notification.desktop_notification.terminal_notifier': Not used on non-Darwin systems
[5.316s] INFO:colcon.colcon_core.plugin_system:Skipping extension 'colcon_notification.desktop_notification.win32': Not used on non-Windows systems
[5.316s] INFO:colcon.colcon_notification.desktop_notification:Sending desktop notification using 'notify2'
[5.373s] DEBUG:colcon.colcon_core.event_reactor:joined thread
[5.375s] INFO:colcon.colcon_core.shell:Creating prefix script '/home/aai/AAI-Tractor-Project/tractor_ws/install/local_setup.ps1'
[5.380s] INFO:colcon.colcon_core.shell:Creating prefix util module '/home/aai/AAI-Tractor-Project/tractor_ws/install/_local_setup_util_ps1.py'
[5.386s] INFO:colcon.colcon_core.shell:Creating prefix chain script '/home/aai/AAI-Tractor-Project/tractor_ws/install/setup.ps1'
[5.391s] INFO:colcon.colcon_core.shell:Creating prefix script '/home/aai/AAI-Tractor-Project/tractor_ws/install/local_setup.sh'
[5.393s] INFO:colcon.colcon_core.shell:Creating prefix util module '/home/aai/AAI-Tractor-Project/tractor_ws/install/_local_setup_util_sh.py'
[5.395s] INFO:colcon.colcon_core.shell:Creating prefix chain script '/home/aai/AAI-Tractor-Project/tractor_ws/install/setup.sh'
[5.399s] INFO:colcon.colcon_core.shell:Creating prefix script '/home/aai/AAI-Tractor-Project/tractor_ws/install/local_setup.bash'
[5.402s] INFO:colcon.colcon_core.shell:Creating prefix chain script '/home/aai/AAI-Tractor-Project/tractor_ws/install/setup.bash'
[5.405s] INFO:colcon.colcon_core.shell:Creating prefix script '/home/aai/AAI-Tractor-Project/tractor_ws/install/local_setup.zsh'
[5.408s] INFO:colcon.colcon_core.shell:Creating prefix chain script '/home/aai/AAI-Tractor-Project/tractor_ws/install/setup.zsh'
