[3.231s] Invoking command in '/home/andresarias23gmailcom/ros2_ws/src/tractor_description': PYTHONPATH=/home/andresarias23gmailcom/ros2_ws/build/tractor_description/prefix_override:/usr/lib/python3/dist-packages/colcon_core/task/python/colcon_distutils_commands:/home/andresarias23gmailcom/ros2_ws/install/tractor_description/lib/python3.10/site-packages:${PYTHONPATH} /usr/bin/python3 -W ignore:setup.py install is deprecated setup.py egg_info --egg-base ../../build/tractor_description build --build-base /home/andresarias23gmailcom/ros2_ws/build/tractor_description/build install --record /home/andresarias23gmailcom/ros2_ws/build/tractor_description/install.log --single-version-externally-managed install_data
[3.806s] running egg_info
[3.807s] writing ../../build/tractor_description/tractor_description.egg-info/PKG-INFO
[3.969s] writing dependency_links to ../../build/tractor_description/tractor_description.egg-info/dependency_links.txt
[3.969s] writing entry points to ../../build/tractor_description/tractor_description.egg-info/entry_points.txt
[3.970s] writing requirements to ../../build/tractor_description/tractor_description.egg-info/requires.txt
[3.970s] writing top-level names to ../../build/tractor_description/tractor_description.egg-info/top_level.txt
[3.976s] reading manifest file '../../build/tractor_description/tractor_description.egg-info/SOURCES.txt'
[3.977s] adding license file 'LICENSE'
[3.978s] writing manifest file '../../build/tractor_description/tractor_description.egg-info/SOURCES.txt'
[3.979s] running build
[3.979s] running build_py
[3.986s] running install
[3.987s] running install_lib
[3.992s] running install_data
[3.992s] copying urdf/tractor_test.urdf -> /home/andresarias23gmailcom/ros2_ws/install/tractor_description/share/tractor_description/urdf
[3.993s] running install_egg_info
[3.998s] removing '/home/andresarias23gmailcom/ros2_ws/install/tractor_description/lib/python3.10/site-packages/tractor_description-0.0.0-py3.10.egg-info' (and everything under it)
[3.999s] Copying ../../build/tractor_description/tractor_description.egg-info to /home/andresarias23gmailcom/ros2_ws/install/tractor_description/lib/python3.10/site-packages/tractor_description-0.0.0-py3.10.egg-info
[4.001s] running install_scripts
[4.052s] writing list of installed files to '/home/andresarias23gmailcom/ros2_ws/build/tractor_description/install.log'
[4.177s] Invoked command in '/home/andresarias23gmailcom/ros2_ws/src/tractor_description' returned '0': PYTHONPATH=/home/andresarias23gmailcom/ros2_ws/build/tractor_description/prefix_override:/usr/lib/python3/dist-packages/colcon_core/task/python/colcon_distutils_commands:/home/andresarias23gmailcom/ros2_ws/install/tractor_description/lib/python3.10/site-packages:${PYTHONPATH} /usr/bin/python3 -W ignore:setup.py install is deprecated setup.py egg_info --egg-base ../../build/tractor_description build --build-base /home/andresarias23gmailcom/ros2_ws/build/tractor_description/build install --record /home/andresarias23gmailcom/ros2_ws/build/tractor_description/install.log --single-version-externally-managed install_data
