[1.873s] Invoking command in '/home/aai/AAI-Tractor-Project/tractor_ws/src/tractor_control': PYTHONPATH=/home/aai/AAI-Tractor-Project/tractor_ws/build/tractor_control/prefix_override:/usr/lib/python3/dist-packages/colcon_core/task/python/colcon_distutils_commands:/home/aai/AAI-Tractor-Project/tractor_ws/install/tractor_control/lib/python3.10/site-packages:${PYTHONPATH} /usr/bin/python3 -W ignore:setup.py install is deprecated setup.py egg_info --egg-base ../../build/tractor_control build --build-base /home/aai/AAI-Tractor-Project/tractor_ws/build/tractor_control/build install --record /home/aai/AAI-Tractor-Project/tractor_ws/build/tractor_control/install.log --single-version-externally-managed install_data
[2.368s] running egg_info
[2.369s] writing ../../build/tractor_control/tractor_control.egg-info/PKG-INFO
[2.370s] writing dependency_links to ../../build/tractor_control/tractor_control.egg-info/dependency_links.txt
[2.370s] writing entry points to ../../build/tractor_control/tractor_control.egg-info/entry_points.txt
[2.371s] writing requirements to ../../build/tractor_control/tractor_control.egg-info/requires.txt
[2.371s] writing top-level names to ../../build/tractor_control/tractor_control.egg-info/top_level.txt
[2.374s] reading manifest file '../../build/tractor_control/tractor_control.egg-info/SOURCES.txt'
[2.375s] adding license file 'LICENSE'
[2.376s] writing manifest file '../../build/tractor_control/tractor_control.egg-info/SOURCES.txt'
[2.376s] running build
[2.376s] running build_py
[2.377s] running install
[2.377s] running install_lib
[2.380s] running install_data
[2.380s] running install_egg_info
[2.384s] removing '/home/aai/AAI-Tractor-Project/tractor_ws/install/tractor_control/lib/python3.10/site-packages/tractor_control-0.0.0-py3.10.egg-info' (and everything under it)
[2.385s] Copying ../../build/tractor_control/tractor_control.egg-info to /home/aai/AAI-Tractor-Project/tractor_ws/install/tractor_control/lib/python3.10/site-packages/tractor_control-0.0.0-py3.10.egg-info
[2.387s] running install_scripts
[2.431s] Installing my_node script to /home/aai/AAI-Tractor-Project/tractor_ws/install/tractor_control/lib/tractor_control
[2.431s] Installing tractor_motor_controller_node script to /home/aai/AAI-Tractor-Project/tractor_ws/install/tractor_control/lib/tractor_control
[2.431s] Installing tractor_teleop_node script to /home/aai/AAI-Tractor-Project/tractor_ws/install/tractor_control/lib/tractor_control
[2.432s] writing list of installed files to '/home/aai/AAI-Tractor-Project/tractor_ws/build/tractor_control/install.log'
[2.546s] Invoked command in '/home/aai/AAI-Tractor-Project/tractor_ws/src/tractor_control' returned '0': PYTHONPATH=/home/aai/AAI-Tractor-Project/tractor_ws/build/tractor_control/prefix_override:/usr/lib/python3/dist-packages/colcon_core/task/python/colcon_distutils_commands:/home/aai/AAI-Tractor-Project/tractor_ws/install/tractor_control/lib/python3.10/site-packages:${PYTHONPATH} /usr/bin/python3 -W ignore:setup.py install is deprecated setup.py egg_info --egg-base ../../build/tractor_control build --build-base /home/aai/AAI-Tractor-Project/tractor_ws/build/tractor_control/build install --record /home/aai/AAI-Tractor-Project/tractor_ws/build/tractor_control/install.log --single-version-externally-managed install_data
