running develop
/usr/lib/python3/dist-packages/setuptools/command/easy_install.py:158: EasyInstallDeprecationWarning: easy_install command is deprecated. Use build and pip and other standards-based tools.
  warnings.warn(
running egg_info
writing tractor_description.egg-info/PKG-INFO
writing dependency_links to tractor_description.egg-info/dependency_links.txt
writing entry points to tractor_description.egg-info/entry_points.txt
writing requirements to tractor_description.egg-info/requires.txt
writing top-level names to tractor_description.egg-info/top_level.txt
reading manifest file 'tractor_description.egg-info/SOURCES.txt'
writing manifest file 'tractor_description.egg-info/SOURCES.txt'
running build_ext
Creating /home/andresarias23gmailcom/ros2_ws/install/tractor_description/lib/python3.10/site-packages/tractor-description.egg-link (link to .)

Installed /home/andresarias23gmailcom/ros2_ws/build/tractor_description
running symlink_data
symbolically linking /home/andresarias23gmailcom/ros2_ws/build/tractor_description/resource/tractor_description -> /home/andresarias23gmailcom/ros2_ws/install/tractor_description/share/ament_index/resource_index/packages
symbolically linking /home/andresarias23gmailcom/ros2_ws/build/tractor_description/package.xml -> /home/andresarias23gmailcom/ros2_ws/install/tractor_description/share/tractor_description
symbolically linking /home/andresarias23gmailcom/ros2_ws/build/tractor_description/launch/spawn_tractor.launch.py -> /home/andresarias23gmailcom/ros2_ws/install/tractor_description/share/tractor_description/launch
symbolically linking /home/andresarias23gmailcom/ros2_ws/build/tractor_description/launch/tractor_launch.py -> /home/andresarias23gmailcom/ros2_ws/install/tractor_description/share/tractor_description/launch
symbolically linking /home/andresarias23gmailcom/ros2_ws/build/tractor_description/launch/display.launch.py -> /home/andresarias23gmailcom/ros2_ws/install/tractor_description/share/tractor_description/launch
symbolically linking /home/andresarias23gmailcom/ros2_ws/build/tractor_description/urdf/tractor_test.urdf -> /home/andresarias23gmailcom/ros2_ws/install/tractor_description/share/tractor_description/urdf
