[1.533s] Invoking command in '/home/andresarias23gmailcom/ros2_ws/build/tractor_description': PYTHONPATH=/home/andresarias23gmailcom/ros2_ws/build/tractor_description/prefix_override:/usr/lib/python3/dist-packages/colcon_core/task/python/colcon_distutils_commands:/home/andresarias23gmailcom/ros2_ws/install/tractor_description/lib/python3.10/site-packages:${PYTHONPATH} /usr/bin/python3 -W ignore:setup.py install is deprecated setup.py develop --editable --build-directory /home/andresarias23gmailcom/ros2_ws/build/tractor_description/build --no-deps symlink_data --force
[2.287s] running develop
[2.289s] /usr/lib/python3/dist-packages/setuptools/command/easy_install.py:158: EasyInstallDeprecationWarning: easy_install command is deprecated. Use build and pip and other standards-based tools.
[2.290s]   warnings.warn(
[2.686s] running egg_info
[2.687s] writing tractor_description.egg-info/PKG-INFO
[2.687s] writing dependency_links to tractor_description.egg-info/dependency_links.txt
[2.688s] writing entry points to tractor_description.egg-info/entry_points.txt
[2.688s] writing requirements to tractor_description.egg-info/requires.txt
[2.689s] writing top-level names to tractor_description.egg-info/top_level.txt
[2.695s] reading manifest file 'tractor_description.egg-info/SOURCES.txt'
[2.697s] writing manifest file 'tractor_description.egg-info/SOURCES.txt'
[2.701s] running build_ext
[2.701s] Creating /home/andresarias23gmailcom/ros2_ws/install/tractor_description/lib/python3.10/site-packages/tractor-description.egg-link (link to .)
[2.704s] 
[2.704s] Installed /home/andresarias23gmailcom/ros2_ws/build/tractor_description
[2.704s] running symlink_data
[2.705s] symbolically linking /home/andresarias23gmailcom/ros2_ws/build/tractor_description/resource/tractor_description -> /home/andresarias23gmailcom/ros2_ws/install/tractor_description/share/ament_index/resource_index/packages
[2.705s] symbolically linking /home/andresarias23gmailcom/ros2_ws/build/tractor_description/package.xml -> /home/andresarias23gmailcom/ros2_ws/install/tractor_description/share/tractor_description
[2.705s] symbolically linking /home/andresarias23gmailcom/ros2_ws/build/tractor_description/launch/spawn_tractor.launch.py -> /home/andresarias23gmailcom/ros2_ws/install/tractor_description/share/tractor_description/launch
[2.706s] symbolically linking /home/andresarias23gmailcom/ros2_ws/build/tractor_description/launch/tractor_launch.py -> /home/andresarias23gmailcom/ros2_ws/install/tractor_description/share/tractor_description/launch
[2.706s] symbolically linking /home/andresarias23gmailcom/ros2_ws/build/tractor_description/launch/display.launch.py -> /home/andresarias23gmailcom/ros2_ws/install/tractor_description/share/tractor_description/launch
[2.706s] symbolically linking /home/andresarias23gmailcom/ros2_ws/build/tractor_description/urdf/tractor_test.urdf -> /home/andresarias23gmailcom/ros2_ws/install/tractor_description/share/tractor_description/urdf
[2.839s] Invoked command in '/home/andresarias23gmailcom/ros2_ws/build/tractor_description' returned '0': PYTHONPATH=/home/andresarias23gmailcom/ros2_ws/build/tractor_description/prefix_override:/usr/lib/python3/dist-packages/colcon_core/task/python/colcon_distutils_commands:/home/andresarias23gmailcom/ros2_ws/install/tractor_description/lib/python3.10/site-packages:${PYTHONPATH} /usr/bin/python3 -W ignore:setup.py install is deprecated setup.py develop --editable --build-directory /home/andresarias23gmailcom/ros2_ws/build/tractor_description/build --no-deps symlink_data --force
