running egg_info
writing ../../build/tractor_description/tractor_description.egg-info/PKG-INFO
writing dependency_links to ../../build/tractor_description/tractor_description.egg-info/dependency_links.txt
writing entry points to ../../build/tractor_description/tractor_description.egg-info/entry_points.txt
writing requirements to ../../build/tractor_description/tractor_description.egg-info/requires.txt
writing top-level names to ../../build/tractor_description/tractor_description.egg-info/top_level.txt
reading manifest file '../../build/tractor_description/tractor_description.egg-info/SOURCES.txt'
adding license file 'LICENSE'
writing manifest file '../../build/tractor_description/tractor_description.egg-info/SOURCES.txt'
running build
running build_py
running install
running install_lib
running install_data
copying launch/spawn_tractor.launch.py -> /home/andresarias23gmailcom/ros2_ws/install/tractor_description/share/tractor_description/launch
running install_egg_info
removing '/home/andresarias23gmailcom/ros2_ws/install/tractor_description/lib/python3.10/site-packages/tractor_description-0.0.0-py3.10.egg-info' (and everything under it)
Copying ../../build/tractor_description/tractor_description.egg-info to /home/andresarias23gmailcom/ros2_ws/install/tractor_description/lib/python3.10/site-packages/tractor_description-0.0.0-py3.10.egg-info
running install_scripts
writing list of installed files to '/home/andresarias23gmailcom/ros2_ws/build/tractor_description/install.log'
