[1.814s] Invoking command in '/home/aai/AAI-Tractor-Project/tractor_ws/src/tractor_gps_driver': PYTHONPATH=/home/aai/AAI-Tractor-Project/tractor_ws/build/tractor_gps_driver/prefix_override:/usr/lib/python3/dist-packages/colcon_core/task/python/colcon_distutils_commands:/home/aai/AAI-Tractor-Project/tractor_ws/install/tractor_gps_driver/lib/python3.10/site-packages:${PYTHONPATH} /usr/bin/python3 -W ignore:setup.py install is deprecated setup.py egg_info --egg-base ../../build/tractor_gps_driver build --build-base /home/aai/AAI-Tractor-Project/tractor_ws/build/tractor_gps_driver/build install --record /home/aai/AAI-Tractor-Project/tractor_ws/build/tractor_gps_driver/install.log --single-version-externally-managed install_data
[2.307s] running egg_info
[2.308s] writing ../../build/tractor_gps_driver/tractor_gps_driver.egg-info/PKG-INFO
[2.309s] writing dependency_links to ../../build/tractor_gps_driver/tractor_gps_driver.egg-info/dependency_links.txt
[2.309s] writing entry points to ../../build/tractor_gps_driver/tractor_gps_driver.egg-info/entry_points.txt
[2.309s] writing requirements to ../../build/tractor_gps_driver/tractor_gps_driver.egg-info/requires.txt
[2.310s] writing top-level names to ../../build/tractor_gps_driver/tractor_gps_driver.egg-info/top_level.txt
[2.314s] reading manifest file '../../build/tractor_gps_driver/tractor_gps_driver.egg-info/SOURCES.txt'
[2.314s] adding license file 'LICENSE'
[2.315s] writing manifest file '../../build/tractor_gps_driver/tractor_gps_driver.egg-info/SOURCES.txt'
[2.315s] running build
[2.316s] running build_py
[2.316s] copying tractor_gps_driver/gps_driver.py -> /home/aai/AAI-Tractor-Project/tractor_ws/build/tractor_gps_driver/build/lib/tractor_gps_driver
[2.316s] running install
[2.317s] running install_lib
[2.319s] copying /home/aai/AAI-Tractor-Project/tractor_ws/build/tractor_gps_driver/build/lib/tractor_gps_driver/gps_driver.py -> /home/aai/AAI-Tractor-Project/tractor_ws/install/tractor_gps_driver/lib/python3.10/site-packages/tractor_gps_driver
[2.320s] byte-compiling /home/aai/AAI-Tractor-Project/tractor_ws/install/tractor_gps_driver/lib/python3.10/site-packages/tractor_gps_driver/gps_driver.py to gps_driver.cpython-310.pyc
[2.321s] running install_data
[2.322s] running install_egg_info
[2.326s] removing '/home/aai/AAI-Tractor-Project/tractor_ws/install/tractor_gps_driver/lib/python3.10/site-packages/tractor_gps_driver-0.0.0-py3.10.egg-info' (and everything under it)
[2.326s] Copying ../../build/tractor_gps_driver/tractor_gps_driver.egg-info to /home/aai/AAI-Tractor-Project/tractor_ws/install/tractor_gps_driver/lib/python3.10/site-packages/tractor_gps_driver-0.0.0-py3.10.egg-info
[2.328s] running install_scripts
[2.372s] Installing tractor_gps_node script to /home/aai/AAI-Tractor-Project/tractor_ws/install/tractor_gps_driver/lib/tractor_gps_driver
[2.373s] writing list of installed files to '/home/aai/AAI-Tractor-Project/tractor_ws/build/tractor_gps_driver/install.log'
[2.444s] Invoked command in '/home/aai/AAI-Tractor-Project/tractor_ws/src/tractor_gps_driver' returned '0': PYTHONPATH=/home/aai/AAI-Tractor-Project/tractor_ws/build/tractor_gps_driver/prefix_override:/usr/lib/python3/dist-packages/colcon_core/task/python/colcon_distutils_commands:/home/aai/AAI-Tractor-Project/tractor_ws/install/tractor_gps_driver/lib/python3.10/site-packages:${PYTHONPATH} /usr/bin/python3 -W ignore:setup.py install is deprecated setup.py egg_info --egg-base ../../build/tractor_gps_driver build --build-base /home/aai/AAI-Tractor-Project/tractor_ws/build/tractor_gps_driver/build install --record /home/aai/AAI-Tractor-Project/tractor_ws/build/tractor_gps_driver/install.log --single-version-externally-managed install_data
