[2.028s] Invoking command in '/home/aai/AAI-Tractor-Project/tractor_ws/src/tractor_control': PYTHONPATH=/home/aai/AAI-Tractor-Project/tractor_ws/build/tractor_control/prefix_override:/usr/lib/python3/dist-packages/colcon_core/task/python/colcon_distutils_commands:/home/aai/AAI-Tractor-Project/tractor_ws/install/tractor_control/lib/python3.10/site-packages:${PYTHONPATH} /usr/bin/python3 -W ignore:setup.py install is deprecated setup.py egg_info --egg-base ../../build/tractor_control build --build-base /home/aai/AAI-Tractor-Project/tractor_ws/build/tractor_control/build install --record /home/aai/AAI-Tractor-Project/tractor_ws/build/tractor_control/install.log --single-version-externally-managed install_data
[2.517s] running egg_info
[2.518s] creating ../../build/tractor_control/tractor_control.egg-info
[2.518s] writing ../../build/tractor_control/tractor_control.egg-info/PKG-INFO
[2.519s] writing dependency_links to ../../build/tractor_control/tractor_control.egg-info/dependency_links.txt
[2.519s] writing entry points to ../../build/tractor_control/tractor_control.egg-info/entry_points.txt
[2.519s] writing requirements to ../../build/tractor_control/tractor_control.egg-info/requires.txt
[2.520s] writing top-level names to ../../build/tractor_control/tractor_control.egg-info/top_level.txt
[2.520s] writing manifest file '../../build/tractor_control/tractor_control.egg-info/SOURCES.txt'
[2.523s] reading manifest file '../../build/tractor_control/tractor_control.egg-info/SOURCES.txt'
[2.523s] adding license file 'LICENSE'
[2.524s] writing manifest file '../../build/tractor_control/tractor_control.egg-info/SOURCES.txt'
[2.525s] running build
[2.525s] running build_py
[2.526s] creating /home/aai/AAI-Tractor-Project/tractor_ws/build/tractor_control/build
[2.526s] creating /home/aai/AAI-Tractor-Project/tractor_ws/build/tractor_control/build/lib
[2.526s] creating /home/aai/AAI-Tractor-Project/tractor_ws/build/tractor_control/build/lib/tractor_control
[2.527s] copying tractor_control/final_teleop.py -> /home/aai/AAI-Tractor-Project/tractor_ws/build/tractor_control/build/lib/tractor_control
[2.527s] copying tractor_control/final_controller.py -> /home/aai/AAI-Tractor-Project/tractor_ws/build/tractor_control/build/lib/tractor_control
[2.527s] copying tractor_control/__init__.py -> /home/aai/AAI-Tractor-Project/tractor_ws/build/tractor_control/build/lib/tractor_control
[2.527s] running install
[2.527s] running install_lib
[2.529s] creating /home/aai/AAI-Tractor-Project/tractor_ws/install/tractor_control/lib/python3.10/site-packages/tractor_control
[2.529s] copying /home/aai/AAI-Tractor-Project/tractor_ws/build/tractor_control/build/lib/tractor_control/final_teleop.py -> /home/aai/AAI-Tractor-Project/tractor_ws/install/tractor_control/lib/python3.10/site-packages/tractor_control
[2.529s] copying /home/aai/AAI-Tractor-Project/tractor_ws/build/tractor_control/build/lib/tractor_control/final_controller.py -> /home/aai/AAI-Tractor-Project/tractor_ws/install/tractor_control/lib/python3.10/site-packages/tractor_control
[2.530s] copying /home/aai/AAI-Tractor-Project/tractor_ws/build/tractor_control/build/lib/tractor_control/__init__.py -> /home/aai/AAI-Tractor-Project/tractor_ws/install/tractor_control/lib/python3.10/site-packages/tractor_control
[2.531s] byte-compiling /home/aai/AAI-Tractor-Project/tractor_ws/install/tractor_control/lib/python3.10/site-packages/tractor_control/final_teleop.py to final_teleop.cpython-310.pyc
[2.532s] byte-compiling /home/aai/AAI-Tractor-Project/tractor_ws/install/tractor_control/lib/python3.10/site-packages/tractor_control/final_controller.py to final_controller.cpython-310.pyc
[2.534s] byte-compiling /home/aai/AAI-Tractor-Project/tractor_ws/install/tractor_control/lib/python3.10/site-packages/tractor_control/__init__.py to __init__.cpython-310.pyc
[2.534s] running install_data
[2.534s] creating /home/aai/AAI-Tractor-Project/tractor_ws/install/tractor_control/share/ament_index
[2.534s] creating /home/aai/AAI-Tractor-Project/tractor_ws/install/tractor_control/share/ament_index/resource_index
[2.535s] creating /home/aai/AAI-Tractor-Project/tractor_ws/install/tractor_control/share/ament_index/resource_index/packages
[2.535s] copying resource/tractor_control -> /home/aai/AAI-Tractor-Project/tractor_ws/install/tractor_control/share/ament_index/resource_index/packages
[2.535s] copying package.xml -> /home/aai/AAI-Tractor-Project/tractor_ws/install/tractor_control/share/tractor_control
[2.535s] running install_egg_info
[2.539s] Copying ../../build/tractor_control/tractor_control.egg-info to /home/aai/AAI-Tractor-Project/tractor_ws/install/tractor_control/lib/python3.10/site-packages/tractor_control-0.0.0-py3.10.egg-info
[2.541s] running install_scripts
[2.583s] Installing my_node script to /home/aai/AAI-Tractor-Project/tractor_ws/install/tractor_control/lib/tractor_control
[2.584s] Installing tractor_motor_controller_node script to /home/aai/AAI-Tractor-Project/tractor_ws/install/tractor_control/lib/tractor_control
[2.584s] Installing tractor_teleop_node script to /home/aai/AAI-Tractor-Project/tractor_ws/install/tractor_control/lib/tractor_control
[2.584s] writing list of installed files to '/home/aai/AAI-Tractor-Project/tractor_ws/build/tractor_control/install.log'
[2.713s] Invoked command in '/home/aai/AAI-Tractor-Project/tractor_ws/src/tractor_control' returned '0': PYTHONPATH=/home/aai/AAI-Tractor-Project/tractor_ws/build/tractor_control/prefix_override:/usr/lib/python3/dist-packages/colcon_core/task/python/colcon_distutils_commands:/home/aai/AAI-Tractor-Project/tractor_ws/install/tractor_control/lib/python3.10/site-packages:${PYTHONPATH} /usr/bin/python3 -W ignore:setup.py install is deprecated setup.py egg_info --egg-base ../../build/tractor_control build --build-base /home/aai/AAI-Tractor-Project/tractor_ws/build/tractor_control/build install --record /home/aai/AAI-Tractor-Project/tractor_ws/build/tractor_control/install.log --single-version-externally-managed install_data
