running egg_info
creating ../../build/tractor_description/tractor_description.egg-info
writing ../../build/tractor_description/tractor_description.egg-info/PKG-INFO
writing dependency_links to ../../build/tractor_description/tractor_description.egg-info/dependency_links.txt
writing entry points to ../../build/tractor_description/tractor_description.egg-info/entry_points.txt
writing requirements to ../../build/tractor_description/tractor_description.egg-info/requires.txt
writing top-level names to ../../build/tractor_description/tractor_description.egg-info/top_level.txt
writing manifest file '../../build/tractor_description/tractor_description.egg-info/SOURCES.txt'
reading manifest file '../../build/tractor_description/tractor_description.egg-info/SOURCES.txt'
adding license file 'LICENSE'
writing manifest file '../../build/tractor_description/tractor_description.egg-info/SOURCES.txt'
running build
running build_py
creating /home/andresarias23gmailcom/ros2_ws/build/tractor_description/build
creating /home/andresarias23gmailcom/ros2_ws/build/tractor_description/build/lib
creating /home/andresarias23gmailcom/ros2_ws/build/tractor_description/build/lib/tractor_description
copying tractor_description/__init__.py -> /home/andresarias23gmailcom/ros2_ws/build/tractor_description/build/lib/tractor_description
running install
running install_lib
creating /home/andresarias23gmailcom/ros2_ws/install/tractor_description/lib/python3.10/site-packages/tractor_description
copying /home/andresarias23gmailcom/ros2_ws/build/tractor_description/build/lib/tractor_description/__init__.py -> /home/andresarias23gmailcom/ros2_ws/install/tractor_description/lib/python3.10/site-packages/tractor_description
byte-compiling /home/andresarias23gmailcom/ros2_ws/install/tractor_description/lib/python3.10/site-packages/tractor_description/__init__.py to __init__.cpython-310.pyc
running install_data
creating /home/andresarias23gmailcom/ros2_ws/install/tractor_description/share/ament_index
creating /home/andresarias23gmailcom/ros2_ws/install/tractor_description/share/ament_index/resource_index
creating /home/andresarias23gmailcom/ros2_ws/install/tractor_description/share/ament_index/resource_index/packages
copying resource/tractor_description -> /home/andresarias23gmailcom/ros2_ws/install/tractor_description/share/ament_index/resource_index/packages
copying package.xml -> /home/andresarias23gmailcom/ros2_ws/install/tractor_description/share/tractor_description
creating /home/andresarias23gmailcom/ros2_ws/install/tractor_description/share/tractor_description/launch
copying launch/tractor_launch.py -> /home/andresarias23gmailcom/ros2_ws/install/tractor_description/share/tractor_description/launch
copying launch/display.launch.py -> /home/andresarias23gmailcom/ros2_ws/install/tractor_description/share/tractor_description/launch
creating /home/andresarias23gmailcom/ros2_ws/install/tractor_description/share/tractor_description/urdf
copying urdf/tractor_test.urdf -> /home/andresarias23gmailcom/ros2_ws/install/tractor_description/share/tractor_description/urdf
running install_egg_info
Copying ../../build/tractor_description/tractor_description.egg-info to /home/andresarias23gmailcom/ros2_ws/install/tractor_description/lib/python3.10/site-packages/tractor_description-0.0.0-py3.10.egg-info
running install_scripts
writing list of installed files to '/home/andresarias23gmailcom/ros2_ws/build/tractor_description/install.log'
