[1.459s] Invoking command in '/home/andresarias23gmailcom/ros2_ws/src/tractor_description': PYTHONPATH=/home/andresarias23gmailcom/ros2_ws/build/tractor_description/prefix_override:/usr/lib/python3/dist-packages/colcon_core/task/python/colcon_distutils_commands:/home/andresarias23gmailcom/ros2_ws/install/tractor_description/lib/python3.10/site-packages:${PYTHONPATH} /usr/bin/python3 -W ignore:setup.py install is deprecated setup.py egg_info --egg-base ../../build/tractor_description build --build-base /home/andresarias23gmailcom/ros2_ws/build/tractor_description/build install --record /home/andresarias23gmailcom/ros2_ws/build/tractor_description/install.log --single-version-externally-managed install_data
[2.001s] running egg_info
[2.001s] creating ../../build/tractor_description/tractor_description.egg-info
[2.002s] writing ../../build/tractor_description/tractor_description.egg-info/PKG-INFO
[2.002s] writing dependency_links to ../../build/tractor_description/tractor_description.egg-info/dependency_links.txt
[2.003s] writing entry points to ../../build/tractor_description/tractor_description.egg-info/entry_points.txt
[2.003s] writing requirements to ../../build/tractor_description/tractor_description.egg-info/requires.txt
[2.003s] writing top-level names to ../../build/tractor_description/tractor_description.egg-info/top_level.txt
[2.004s] writing manifest file '../../build/tractor_description/tractor_description.egg-info/SOURCES.txt'
[2.008s] reading manifest file '../../build/tractor_description/tractor_description.egg-info/SOURCES.txt'
[2.008s] adding license file 'LICENSE'
[2.009s] writing manifest file '../../build/tractor_description/tractor_description.egg-info/SOURCES.txt'
[2.010s] running build
[2.010s] running build_py
[2.010s] creating /home/andresarias23gmailcom/ros2_ws/build/tractor_description/build
[2.010s] creating /home/andresarias23gmailcom/ros2_ws/build/tractor_description/build/lib
[2.010s] creating /home/andresarias23gmailcom/ros2_ws/build/tractor_description/build/lib/tractor_description
[2.010s] copying tractor_description/__init__.py -> /home/andresarias23gmailcom/ros2_ws/build/tractor_description/build/lib/tractor_description
[2.016s] running install
[2.017s] running install_lib
[2.018s] creating /home/andresarias23gmailcom/ros2_ws/install/tractor_description/lib/python3.10/site-packages/tractor_description
[2.019s] copying /home/andresarias23gmailcom/ros2_ws/build/tractor_description/build/lib/tractor_description/__init__.py -> /home/andresarias23gmailcom/ros2_ws/install/tractor_description/lib/python3.10/site-packages/tractor_description
[2.020s] byte-compiling /home/andresarias23gmailcom/ros2_ws/install/tractor_description/lib/python3.10/site-packages/tractor_description/__init__.py to __init__.cpython-310.pyc
[2.020s] running install_data
[2.021s] creating /home/andresarias23gmailcom/ros2_ws/install/tractor_description/share/ament_index
[2.021s] creating /home/andresarias23gmailcom/ros2_ws/install/tractor_description/share/ament_index/resource_index
[2.021s] creating /home/andresarias23gmailcom/ros2_ws/install/tractor_description/share/ament_index/resource_index/packages
[2.021s] copying resource/tractor_description -> /home/andresarias23gmailcom/ros2_ws/install/tractor_description/share/ament_index/resource_index/packages
[2.021s] copying package.xml -> /home/andresarias23gmailcom/ros2_ws/install/tractor_description/share/tractor_description
[2.021s] creating /home/andresarias23gmailcom/ros2_ws/install/tractor_description/share/tractor_description/launch
[2.022s] copying launch/tractor_launch.py -> /home/andresarias23gmailcom/ros2_ws/install/tractor_description/share/tractor_description/launch
[2.022s] copying launch/display.launch.py -> /home/andresarias23gmailcom/ros2_ws/install/tractor_description/share/tractor_description/launch
[2.022s] creating /home/andresarias23gmailcom/ros2_ws/install/tractor_description/share/tractor_description/urdf
[2.022s] copying urdf/tractor_test.urdf -> /home/andresarias23gmailcom/ros2_ws/install/tractor_description/share/tractor_description/urdf
[2.022s] running install_egg_info
[2.026s] Copying ../../build/tractor_description/tractor_description.egg-info to /home/andresarias23gmailcom/ros2_ws/install/tractor_description/lib/python3.10/site-packages/tractor_description-0.0.0-py3.10.egg-info
[2.028s] running install_scripts
[2.072s] writing list of installed files to '/home/andresarias23gmailcom/ros2_ws/build/tractor_description/install.log'
[2.148s] Invoked command in '/home/andresarias23gmailcom/ros2_ws/src/tractor_description' returned '0': PYTHONPATH=/home/andresarias23gmailcom/ros2_ws/build/tractor_description/prefix_override:/usr/lib/python3/dist-packages/colcon_core/task/python/colcon_distutils_commands:/home/andresarias23gmailcom/ros2_ws/install/tractor_description/lib/python3.10/site-packages:${PYTHONPATH} /usr/bin/python3 -W ignore:setup.py install is deprecated setup.py egg_info --egg-base ../../build/tractor_description build --build-base /home/andresarias23gmailcom/ros2_ws/build/tractor_description/build install --record /home/andresarias23gmailcom/ros2_ws/build/tractor_description/install.log --single-version-externally-managed install_data
