[0.424s] DEBUG:colcon:Command line arguments: ['/usr/bin/colcon', 'build']
[0.424s] DEBUG:colcon:Parsed command line arguments: Namespace(log_base=None, log_level=None, verb_name='build', build_base='build', install_base='install', merge_install=False, symlink_install=False, test_result_base=None, continue_on_error=False, executor='parallel', parallel_workers=6, event_handlers=None, ignore_user_meta=False, metas=['./colcon.meta'], base_paths=['.'], packages_ignore=None, packages_ignore_regex=None, paths=None, packages_up_to=None, packages_up_to_regex=None, packages_above=None, packages_above_and_dependencies=None, packages_above_depth=None, packages_select_by_dep=None, packages_skip_by_dep=None, packages_skip_up_to=None, packages_select_build_failed=False, packages_skip_build_finished=False, packages_select_test_failures=False, packages_skip_test_passed=False, packages_select=None, packages_skip=None, packages_select_regex=None, packages_skip_regex=None, packages_start=None, packages_end=None, allow_overriding=[], cmake_args=None, cmake_target=None, cmake_target_skip_unavailable=False, cmake_clean_cache=False, cmake_clean_first=False, cmake_force_configure=False, ament_cmake_args=None, catkin_cmake_args=None, catkin_skip_building_tests=False, mixin_files=None, mixin=None, verb_parser=<colcon_mixin.mixin.mixin_argument.MixinArgumentDecorator object at 0xffffac65abf0>, verb_extension=<colcon_core.verb.build.BuildVerb object at 0xffffac65a620>, main=<bound method BuildVerb.main of <colcon_core.verb.build.BuildVerb object at 0xffffac65a620>>, mixin_verb=('build',))
[0.820s] Level 1:colcon.colcon_core.package_discovery:discover_packages(colcon_meta) check parameters
[0.821s] Level 1:colcon.colcon_core.package_discovery:discover_packages(recursive) check parameters
[0.821s] Level 1:colcon.colcon_core.package_discovery:discover_packages(ignore) check parameters
[0.821s] Level 1:colcon.colcon_core.package_discovery:discover_packages(path) check parameters
[0.821s] Level 1:colcon.colcon_core.package_discovery:discover_packages(colcon_meta) discover
[0.821s] Level 1:colcon.colcon_core.package_discovery:discover_packages(recursive) discover
[0.821s] INFO:colcon.colcon_core.package_discovery:Crawling recursively for packages in '/home/andresarias23gmailcom/ros2_ws'
[0.822s] Level 1:colcon.colcon_core.package_identification:_identify(.) by extensions ['ignore', 'ignore_ament_install']
[0.822s] Level 1:colcon.colcon_core.package_identification:_identify(.) by extension 'ignore'
[0.822s] Level 1:colcon.colcon_core.package_identification:_identify(.) by extension 'ignore_ament_install'
[0.822s] Level 1:colcon.colcon_core.package_identification:_identify(.) by extensions ['colcon_pkg']
[0.822s] Level 1:colcon.colcon_core.package_identification:_identify(.) by extension 'colcon_pkg'
[0.823s] Level 1:colcon.colcon_core.package_identification:_identify(.) by extensions ['colcon_meta']
[0.823s] Level 1:colcon.colcon_core.package_identification:_identify(.) by extension 'colcon_meta'
[0.823s] Level 1:colcon.colcon_core.package_identification:_identify(.) by extensions ['ros']
[0.823s] Level 1:colcon.colcon_core.package_identification:_identify(.) by extension 'ros'
[0.849s] Level 1:colcon.colcon_core.package_identification:_identify(.) by extensions ['cmake', 'python']
[0.849s] Level 1:colcon.colcon_core.package_identification:_identify(.) by extension 'cmake'
[0.849s] Level 1:colcon.colcon_core.package_identification:_identify(.) by extension 'python'
[0.850s] Level 1:colcon.colcon_core.package_identification:_identify(.) by extensions ['python_setup_py']
[0.850s] Level 1:colcon.colcon_core.package_identification:_identify(.) by extension 'python_setup_py'
[0.850s] Level 1:colcon.colcon_core.package_identification:_identify(build) by extensions ['ignore', 'ignore_ament_install']
[0.850s] Level 1:colcon.colcon_core.package_identification:_identify(build) by extension 'ignore'
[0.850s] Level 1:colcon.colcon_core.package_identification:_identify(build) ignored
[0.851s] Level 1:colcon.colcon_core.package_identification:_identify(gazebo_worlds) by extensions ['ignore', 'ignore_ament_install']
[0.851s] Level 1:colcon.colcon_core.package_identification:_identify(gazebo_worlds) by extension 'ignore'
[0.851s] Level 1:colcon.colcon_core.package_identification:_identify(gazebo_worlds) by extension 'ignore_ament_install'
[0.851s] Level 1:colcon.colcon_core.package_identification:_identify(gazebo_worlds) by extensions ['colcon_pkg']
[0.851s] Level 1:colcon.colcon_core.package_identification:_identify(gazebo_worlds) by extension 'colcon_pkg'
[0.851s] Level 1:colcon.colcon_core.package_identification:_identify(gazebo_worlds) by extensions ['colcon_meta']
[0.851s] Level 1:colcon.colcon_core.package_identification:_identify(gazebo_worlds) by extension 'colcon_meta'
[0.852s] Level 1:colcon.colcon_core.package_identification:_identify(gazebo_worlds) by extensions ['ros']
[0.852s] Level 1:colcon.colcon_core.package_identification:_identify(gazebo_worlds) by extension 'ros'
[0.852s] Level 1:colcon.colcon_core.package_identification:_identify(gazebo_worlds) by extensions ['cmake', 'python']
[0.852s] Level 1:colcon.colcon_core.package_identification:_identify(gazebo_worlds) by extension 'cmake'
[0.852s] Level 1:colcon.colcon_core.package_identification:_identify(gazebo_worlds) by extension 'python'
[0.852s] Level 1:colcon.colcon_core.package_identification:_identify(gazebo_worlds) by extensions ['python_setup_py']
[0.852s] Level 1:colcon.colcon_core.package_identification:_identify(gazebo_worlds) by extension 'python_setup_py'
[0.853s] Level 1:colcon.colcon_core.package_identification:_identify(install) by extensions ['ignore', 'ignore_ament_install']
[0.853s] Level 1:colcon.colcon_core.package_identification:_identify(install) by extension 'ignore'
[0.853s] Level 1:colcon.colcon_core.package_identification:_identify(install) ignored
[0.853s] Level 1:colcon.colcon_core.package_identification:_identify(log) by extensions ['ignore', 'ignore_ament_install']
[0.853s] Level 1:colcon.colcon_core.package_identification:_identify(log) by extension 'ignore'
[0.853s] Level 1:colcon.colcon_core.package_identification:_identify(log) ignored
[0.854s] Level 1:colcon.colcon_core.package_identification:_identify(ros2) by extensions ['ignore', 'ignore_ament_install']
[0.854s] Level 1:colcon.colcon_core.package_identification:_identify(ros2) by extension 'ignore'
[0.854s] Level 1:colcon.colcon_core.package_identification:_identify(ros2) by extension 'ignore_ament_install'
[0.854s] Level 1:colcon.colcon_core.package_identification:_identify(ros2) by extensions ['colcon_pkg']
[0.854s] Level 1:colcon.colcon_core.package_identification:_identify(ros2) by extension 'colcon_pkg'
[0.854s] Level 1:colcon.colcon_core.package_identification:_identify(ros2) by extensions ['colcon_meta']
[0.854s] Level 1:colcon.colcon_core.package_identification:_identify(ros2) by extension 'colcon_meta'
[0.854s] Level 1:colcon.colcon_core.package_identification:_identify(ros2) by extensions ['ros']
[0.855s] Level 1:colcon.colcon_core.package_identification:_identify(ros2) by extension 'ros'
[0.855s] Level 1:colcon.colcon_core.package_identification:_identify(ros2) by extensions ['cmake', 'python']
[0.855s] Level 1:colcon.colcon_core.package_identification:_identify(ros2) by extension 'cmake'
[0.855s] Level 1:colcon.colcon_core.package_identification:_identify(ros2) by extension 'python'
[0.855s] Level 1:colcon.colcon_core.package_identification:_identify(ros2) by extensions ['python_setup_py']
[0.855s] Level 1:colcon.colcon_core.package_identification:_identify(ros2) by extension 'python_setup_py'
[0.855s] Level 1:colcon.colcon_core.package_identification:_identify(src) by extensions ['ignore', 'ignore_ament_install']
[0.855s] Level 1:colcon.colcon_core.package_identification:_identify(src) by extension 'ignore'
[0.856s] Level 1:colcon.colcon_core.package_identification:_identify(src) by extension 'ignore_ament_install'
[0.856s] Level 1:colcon.colcon_core.package_identification:_identify(src) by extensions ['colcon_pkg']
[0.856s] Level 1:colcon.colcon_core.package_identification:_identify(src) by extension 'colcon_pkg'
[0.856s] Level 1:colcon.colcon_core.package_identification:_identify(src) by extensions ['colcon_meta']
[0.856s] Level 1:colcon.colcon_core.package_identification:_identify(src) by extension 'colcon_meta'
[0.856s] Level 1:colcon.colcon_core.package_identification:_identify(src) by extensions ['ros']
[0.856s] Level 1:colcon.colcon_core.package_identification:_identify(src) by extension 'ros'
[0.856s] Level 1:colcon.colcon_core.package_identification:_identify(src) by extensions ['cmake', 'python']
[0.856s] Level 1:colcon.colcon_core.package_identification:_identify(src) by extension 'cmake'
[0.857s] Level 1:colcon.colcon_core.package_identification:_identify(src) by extension 'python'
[0.857s] Level 1:colcon.colcon_core.package_identification:_identify(src) by extensions ['python_setup_py']
[0.857s] Level 1:colcon.colcon_core.package_identification:_identify(src) by extension 'python_setup_py'
[0.857s] Level 1:colcon.colcon_core.package_identification:_identify(src/tractor_description) by extensions ['ignore', 'ignore_ament_install']
[0.857s] Level 1:colcon.colcon_core.package_identification:_identify(src/tractor_description) by extension 'ignore'
[0.857s] Level 1:colcon.colcon_core.package_identification:_identify(src/tractor_description) by extension 'ignore_ament_install'
[0.857s] Level 1:colcon.colcon_core.package_identification:_identify(src/tractor_description) by extensions ['colcon_pkg']
[0.857s] Level 1:colcon.colcon_core.package_identification:_identify(src/tractor_description) by extension 'colcon_pkg'
[0.858s] Level 1:colcon.colcon_core.package_identification:_identify(src/tractor_description) by extensions ['colcon_meta']
[0.858s] Level 1:colcon.colcon_core.package_identification:_identify(src/tractor_description) by extension 'colcon_meta'
[0.858s] Level 1:colcon.colcon_core.package_identification:_identify(src/tractor_description) by extensions ['ros']
[0.858s] Level 1:colcon.colcon_core.package_identification:_identify(src/tractor_description) by extension 'ros'
[0.864s] DEBUG:colcon.colcon_core.package_identification:Package 'src/tractor_description' with type 'ros.ament_python' and name 'tractor_description'
[0.864s] Level 1:colcon.colcon_core.package_discovery:discover_packages(recursive) using defaults
[0.865s] Level 1:colcon.colcon_core.package_discovery:discover_packages(ignore) discover
[0.865s] Level 1:colcon.colcon_core.package_discovery:discover_packages(ignore) using defaults
[0.865s] Level 1:colcon.colcon_core.package_discovery:discover_packages(path) discover
[0.865s] Level 1:colcon.colcon_core.package_discovery:discover_packages(path) using defaults
[0.912s] Level 1:colcon.colcon_core.package_discovery:discover_packages(prefix_path) check parameters
[0.913s] Level 1:colcon.colcon_core.package_discovery:discover_packages(prefix_path) discover
[0.917s] DEBUG:colcon.colcon_installed_package_information.package_discovery:Found 2 installed packages in /home/andresarias23gmailcom/ros2_ws/install
[0.920s] DEBUG:colcon.colcon_installed_package_information.package_discovery:Found 338 installed packages in /opt/ros/humble
[0.957s] Level 1:colcon.colcon_core.package_discovery:discover_packages(prefix_path) using defaults
[1.052s] Level 5:colcon.colcon_core.verb:set package 'tractor_description' build argument 'cmake_args' from command line to 'None'
[1.052s] Level 5:colcon.colcon_core.verb:set package 'tractor_description' build argument 'cmake_target' from command line to 'None'
[1.052s] Level 5:colcon.colcon_core.verb:set package 'tractor_description' build argument 'cmake_target_skip_unavailable' from command line to 'False'
[1.052s] Level 5:colcon.colcon_core.verb:set package 'tractor_description' build argument 'cmake_clean_cache' from command line to 'False'
[1.052s] Level 5:colcon.colcon_core.verb:set package 'tractor_description' build argument 'cmake_clean_first' from command line to 'False'
[1.052s] Level 5:colcon.colcon_core.verb:set package 'tractor_description' build argument 'cmake_force_configure' from command line to 'False'
[1.052s] Level 5:colcon.colcon_core.verb:set package 'tractor_description' build argument 'ament_cmake_args' from command line to 'None'
[1.052s] Level 5:colcon.colcon_core.verb:set package 'tractor_description' build argument 'catkin_cmake_args' from command line to 'None'
[1.052s] Level 5:colcon.colcon_core.verb:set package 'tractor_description' build argument 'catkin_skip_building_tests' from command line to 'False'
[1.053s] DEBUG:colcon.colcon_core.verb:Building package 'tractor_description' with the following arguments: {'ament_cmake_args': None, 'build_base': '/home/andresarias23gmailcom/ros2_ws/build/tractor_description', 'catkin_cmake_args': None, 'catkin_skip_building_tests': False, 'cmake_args': None, 'cmake_clean_cache': False, 'cmake_clean_first': False, 'cmake_force_configure': False, 'cmake_target': None, 'cmake_target_skip_unavailable': False, 'install_base': '/home/andresarias23gmailcom/ros2_ws/install/tractor_description', 'merge_install': False, 'path': '/home/andresarias23gmailcom/ros2_ws/src/tractor_description', 'symlink_install': False, 'test_result_base': None}
[1.053s] INFO:colcon.colcon_core.executor:Executing jobs using 'parallel' executor
[1.056s] DEBUG:colcon.colcon_parallel_executor.executor.parallel:run_until_complete
[1.056s] INFO:colcon.colcon_ros.task.ament_python.build:Building ROS package in '/home/andresarias23gmailcom/ros2_ws/src/tractor_description' with build type 'ament_python'
[1.057s] Level 1:colcon.colcon_core.shell:create_environment_hook('tractor_description', 'ament_prefix_path')
[1.062s] INFO:colcon.colcon_core.plugin_system:Skipping extension 'colcon_core.shell.bat': Not used on non-Windows systems
[1.063s] INFO:colcon.colcon_core.shell:Creating environment hook '/home/andresarias23gmailcom/ros2_ws/install/tractor_description/share/tractor_description/hook/ament_prefix_path.ps1'
[1.064s] INFO:colcon.colcon_core.shell:Creating environment descriptor '/home/andresarias23gmailcom/ros2_ws/install/tractor_description/share/tractor_description/hook/ament_prefix_path.dsv'
[1.065s] INFO:colcon.colcon_core.shell:Creating environment hook '/home/andresarias23gmailcom/ros2_ws/install/tractor_description/share/tractor_description/hook/ament_prefix_path.sh'
[1.068s] INFO:colcon.colcon_core.shell:Skip shell extension 'powershell' for command environment: Not usable outside of PowerShell
[1.068s] DEBUG:colcon.colcon_core.shell:Skip shell extension 'dsv' for command environment
[1.692s] INFO:colcon.colcon_core.task.python.build:Building Python package in '/home/andresarias23gmailcom/ros2_ws/src/tractor_description'
[1.693s] INFO:colcon.colcon_core.shell:Skip shell extension 'powershell' for command environment: Not usable outside of PowerShell
[1.693s] DEBUG:colcon.colcon_core.shell:Skip shell extension 'dsv' for command environment
[2.576s] DEBUG:colcon.colcon_core.event_handler.log_command:Invoking command in '/home/andresarias23gmailcom/ros2_ws/src/tractor_description': PYTHONPATH=/home/andresarias23gmailcom/ros2_ws/build/tractor_description/prefix_override:/usr/lib/python3/dist-packages/colcon_core/task/python/colcon_distutils_commands:/home/andresarias23gmailcom/ros2_ws/install/tractor_description/lib/python3.10/site-packages:${PYTHONPATH} /usr/bin/python3 -W ignore:setup.py install is deprecated setup.py egg_info --egg-base ../../build/tractor_description build --build-base /home/andresarias23gmailcom/ros2_ws/build/tractor_description/build install --record /home/andresarias23gmailcom/ros2_ws/build/tractor_description/install.log --single-version-externally-managed install_data
[3.302s] Level 1:colcon.colcon_core.environment:checking '/home/andresarias23gmailcom/ros2_ws/install/tractor_description' for CMake module files
[3.303s] Level 1:colcon.colcon_core.environment:checking '/home/andresarias23gmailcom/ros2_ws/install/tractor_description' for CMake config files
[3.305s] Level 1:colcon.colcon_core.environment:checking '/home/andresarias23gmailcom/ros2_ws/install/tractor_description/lib'
[3.305s] Level 1:colcon.colcon_core.environment:checking '/home/andresarias23gmailcom/ros2_ws/install/tractor_description/bin'
[3.306s] Level 1:colcon.colcon_core.environment:checking '/home/andresarias23gmailcom/ros2_ws/install/tractor_description/lib/pkgconfig/tractor_description.pc'
[3.306s] Level 1:colcon.colcon_core.environment:checking '/home/andresarias23gmailcom/ros2_ws/install/tractor_description/lib/python3.10/site-packages'
[3.306s] Level 1:colcon.colcon_core.shell:create_environment_hook('tractor_description', 'pythonpath')
[3.307s] INFO:colcon.colcon_core.shell:Creating environment hook '/home/andresarias23gmailcom/ros2_ws/install/tractor_description/share/tractor_description/hook/pythonpath.ps1'
[3.308s] DEBUG:colcon.colcon_core.event_handler.log_command:Invoked command in '/home/andresarias23gmailcom/ros2_ws/src/tractor_description' returned '0': PYTHONPATH=/home/andresarias23gmailcom/ros2_ws/build/tractor_description/prefix_override:/usr/lib/python3/dist-packages/colcon_core/task/python/colcon_distutils_commands:/home/andresarias23gmailcom/ros2_ws/install/tractor_description/lib/python3.10/site-packages:${PYTHONPATH} /usr/bin/python3 -W ignore:setup.py install is deprecated setup.py egg_info --egg-base ../../build/tractor_description build --build-base /home/andresarias23gmailcom/ros2_ws/build/tractor_description/build install --record /home/andresarias23gmailcom/ros2_ws/build/tractor_description/install.log --single-version-externally-managed install_data
[3.309s] INFO:colcon.colcon_core.shell:Creating environment descriptor '/home/andresarias23gmailcom/ros2_ws/install/tractor_description/share/tractor_description/hook/pythonpath.dsv'
[3.310s] INFO:colcon.colcon_core.shell:Creating environment hook '/home/andresarias23gmailcom/ros2_ws/install/tractor_description/share/tractor_description/hook/pythonpath.sh'
[3.311s] Level 1:colcon.colcon_core.environment:checking '/home/andresarias23gmailcom/ros2_ws/install/tractor_description/bin'
[3.311s] Level 1:colcon.colcon_core.environment:create_environment_scripts_only(tractor_description)
[3.312s] INFO:colcon.colcon_core.shell:Creating package script '/home/andresarias23gmailcom/ros2_ws/install/tractor_description/share/tractor_description/package.ps1'
[3.313s] INFO:colcon.colcon_core.shell:Creating package descriptor '/home/andresarias23gmailcom/ros2_ws/install/tractor_description/share/tractor_description/package.dsv'
[3.314s] INFO:colcon.colcon_core.shell:Creating package script '/home/andresarias23gmailcom/ros2_ws/install/tractor_description/share/tractor_description/package.sh'
[3.316s] INFO:colcon.colcon_core.shell:Creating package script '/home/andresarias23gmailcom/ros2_ws/install/tractor_description/share/tractor_description/package.bash'
[3.318s] INFO:colcon.colcon_core.shell:Creating package script '/home/andresarias23gmailcom/ros2_ws/install/tractor_description/share/tractor_description/package.zsh'
[3.319s] Level 1:colcon.colcon_core.environment:create_file_with_runtime_dependencies(/home/andresarias23gmailcom/ros2_ws/install/tractor_description/share/colcon-core/packages/tractor_description)
[3.321s] DEBUG:colcon.colcon_parallel_executor.executor.parallel:closing loop
[3.322s] DEBUG:colcon.colcon_parallel_executor.executor.parallel:loop closed
[3.322s] DEBUG:colcon.colcon_parallel_executor.executor.parallel:run_until_complete finished with '0'
[3.323s] DEBUG:colcon.colcon_core.event_reactor:joining thread
[3.337s] INFO:colcon.colcon_core.plugin_system:Skipping extension 'colcon_notification.desktop_notification.terminal_notifier': Not used on non-Darwin systems
[3.337s] INFO:colcon.colcon_core.plugin_system:Skipping extension 'colcon_notification.desktop_notification.win32': Not used on non-Windows systems
[3.338s] INFO:colcon.colcon_notification.desktop_notification:Sending desktop notification using 'notify2'
[3.376s] DEBUG:colcon.colcon_core.event_reactor:joined thread
[3.377s] INFO:colcon.colcon_core.shell:Creating prefix script '/home/andresarias23gmailcom/ros2_ws/install/local_setup.ps1'
[3.380s] INFO:colcon.colcon_core.shell:Creating prefix util module '/home/andresarias23gmailcom/ros2_ws/install/_local_setup_util_ps1.py'
[3.387s] INFO:colcon.colcon_core.shell:Creating prefix chain script '/home/andresarias23gmailcom/ros2_ws/install/setup.ps1'
[3.394s] INFO:colcon.colcon_core.shell:Creating prefix script '/home/andresarias23gmailcom/ros2_ws/install/local_setup.sh'
[3.396s] INFO:colcon.colcon_core.shell:Creating prefix util module '/home/andresarias23gmailcom/ros2_ws/install/_local_setup_util_sh.py'
[3.397s] INFO:colcon.colcon_core.shell:Creating prefix chain script '/home/andresarias23gmailcom/ros2_ws/install/setup.sh'
[3.399s] INFO:colcon.colcon_core.shell:Creating prefix script '/home/andresarias23gmailcom/ros2_ws/install/local_setup.bash'
[3.400s] INFO:colcon.colcon_core.shell:Creating prefix chain script '/home/andresarias23gmailcom/ros2_ws/install/setup.bash'
[3.402s] INFO:colcon.colcon_core.shell:Creating prefix script '/home/andresarias23gmailcom/ros2_ws/install/local_setup.zsh'
[3.403s] INFO:colcon.colcon_core.shell:Creating prefix chain script '/home/andresarias23gmailcom/ros2_ws/install/setup.zsh'
