running egg_info
writing ../../build/tractor_gps_driver/tractor_gps_driver.egg-info/PKG-INFO
writing dependency_links to ../../build/tractor_gps_driver/tractor_gps_driver.egg-info/dependency_links.txt
writing entry points to ../../build/tractor_gps_driver/tractor_gps_driver.egg-info/entry_points.txt
writing requirements to ../../build/tractor_gps_driver/tractor_gps_driver.egg-info/requires.txt
writing top-level names to ../../build/tractor_gps_driver/tractor_gps_driver.egg-info/top_level.txt
reading manifest file '../../build/tractor_gps_driver/tractor_gps_driver.egg-info/SOURCES.txt'
adding license file 'LICENSE'
writing manifest file '../../build/tractor_gps_driver/tractor_gps_driver.egg-info/SOURCES.txt'
running build
running build_py
running install
running install_lib
running install_data
running install_egg_info
removing '/home/aai/AAI-Tractor-Project/tractor_ws/install/tractor_gps_driver/lib/python3.10/site-packages/tractor_gps_driver-0.0.0-py3.10.egg-info' (and everything under it)
Copying ../../build/tractor_gps_driver/tractor_gps_driver.egg-info to /home/aai/AAI-Tractor-Project/tractor_ws/install/tractor_gps_driver/lib/python3.10/site-packages/tractor_gps_driver-0.0.0-py3.10.egg-info
running install_scripts
Installing tractor_gps_node script to /home/aai/AAI-Tractor-Project/tractor_ws/install/tractor_gps_driver/lib/tractor_gps_driver
writing list of installed files to '/home/aai/AAI-Tractor-Project/tractor_ws/build/tractor_gps_driver/install.log'
