[1.684s] Invoking command in '/home/andresarias23gmailcom/ros2_ws/build/tractor_description': PYTHONPATH=/home/andresarias23gmailcom/ros2_ws/build/tractor_description/prefix_override:/usr/lib/python3/dist-packages/colcon_core/task/python/colcon_distutils_commands:/home/andresarias23gmailcom/ros2_ws/install/tractor_description/lib/python3.10/site-packages:${PYTHONPATH} /usr/bin/python3 -W ignore:setup.py install is deprecated setup.py develop --uninstall --editable --build-directory /home/andresarias23gmailcom/ros2_ws/build/tractor_description/build
[2.266s] running develop
[2.267s] /usr/lib/python3/dist-packages/setuptools/command/easy_install.py:158: EasyInstallDeprecationWarning: easy_install command is deprecated. Use build and pip and other standards-based tools.
[2.267s]   warnings.warn(
[2.665s] Removing /home/andresarias23gmailcom/ros2_ws/install/tractor_description/lib/python3.10/site-packages/tractor-description.egg-link (link to .)
[2.757s] Invoked command in '/home/andresarias23gmailcom/ros2_ws/build/tractor_description' returned '0': PYTHONPATH=/home/andresarias23gmailcom/ros2_ws/build/tractor_description/prefix_override:/usr/lib/python3/dist-packages/colcon_core/task/python/colcon_distutils_commands:/home/andresarias23gmailcom/ros2_ws/install/tractor_description/lib/python3.10/site-packages:${PYTHONPATH} /usr/bin/python3 -W ignore:setup.py install is deprecated setup.py develop --uninstall --editable --build-directory /home/andresarias23gmailcom/ros2_ws/build/tractor_description/build
[2.760s] Invoking command in '/home/andresarias23gmailcom/ros2_ws/src/tractor_description': PYTHONPATH=/home/andresarias23gmailcom/ros2_ws/build/tractor_description/prefix_override:/usr/lib/python3/dist-packages/colcon_core/task/python/colcon_distutils_commands:/home/andresarias23gmailcom/ros2_ws/install/tractor_description/lib/python3.10/site-packages:${PYTHONPATH} /usr/bin/python3 -W ignore:setup.py install is deprecated setup.py egg_info --egg-base ../../build/tractor_description build --build-base /home/andresarias23gmailcom/ros2_ws/build/tractor_description/build install --record /home/andresarias23gmailcom/ros2_ws/build/tractor_description/install.log --single-version-externally-managed install_data --force
[3.298s] running egg_info
[3.300s] writing ../../build/tractor_description/tractor_description.egg-info/PKG-INFO
[3.300s] writing dependency_links to ../../build/tractor_description/tractor_description.egg-info/dependency_links.txt
[3.301s] writing entry points to ../../build/tractor_description/tractor_description.egg-info/entry_points.txt
[3.301s] writing requirements to ../../build/tractor_description/tractor_description.egg-info/requires.txt
[3.301s] writing top-level names to ../../build/tractor_description/tractor_description.egg-info/top_level.txt
[3.308s] reading manifest file '../../build/tractor_description/tractor_description.egg-info/SOURCES.txt'
[3.308s] adding license file 'LICENSE'
[3.311s] writing manifest file '../../build/tractor_description/tractor_description.egg-info/SOURCES.txt'
[3.312s] running build
[3.313s] running build_py
[3.315s] running install
[3.315s] running install_lib
[3.316s] creating /home/andresarias23gmailcom/ros2_ws/install/tractor_description/lib/python3.10/site-packages/tractor_description
[3.317s] copying /home/andresarias23gmailcom/ros2_ws/build/tractor_description/build/lib/tractor_description/__init__.py -> /home/andresarias23gmailcom/ros2_ws/install/tractor_description/lib/python3.10/site-packages/tractor_description
[3.318s] byte-compiling /home/andresarias23gmailcom/ros2_ws/install/tractor_description/lib/python3.10/site-packages/tractor_description/__init__.py to __init__.cpython-310.pyc
[3.318s] running install_data
[3.318s] copying resource/tractor_description -> /home/andresarias23gmailcom/ros2_ws/install/tractor_description/share/ament_index/resource_index/packages
[3.319s] copying package.xml -> /home/andresarias23gmailcom/ros2_ws/install/tractor_description/share/tractor_description
[3.321s] copying launch/spawn_tractor.launch.py -> /home/andresarias23gmailcom/ros2_ws/install/tractor_description/share/tractor_description/launch
[3.321s] copying launch/tractor_launch.py -> /home/andresarias23gmailcom/ros2_ws/install/tractor_description/share/tractor_description/launch
[3.321s] copying launch/display.launch.py -> /home/andresarias23gmailcom/ros2_ws/install/tractor_description/share/tractor_description/launch
[3.321s] copying urdf/tractor_test.urdf -> /home/andresarias23gmailcom/ros2_ws/install/tractor_description/share/tractor_description/urdf
[3.321s] running install_egg_info
[3.324s] Copying ../../build/tractor_description/tractor_description.egg-info to /home/andresarias23gmailcom/ros2_ws/install/tractor_description/lib/python3.10/site-packages/tractor_description-0.0.0-py3.10.egg-info
[3.326s] running install_scripts
[3.369s] writing list of installed files to '/home/andresarias23gmailcom/ros2_ws/build/tractor_description/install.log'
[3.447s] Invoked command in '/home/andresarias23gmailcom/ros2_ws/src/tractor_description' returned '0': PYTHONPATH=/home/andresarias23gmailcom/ros2_ws/build/tractor_description/prefix_override:/usr/lib/python3/dist-packages/colcon_core/task/python/colcon_distutils_commands:/home/andresarias23gmailcom/ros2_ws/install/tractor_description/lib/python3.10/site-packages:${PYTHONPATH} /usr/bin/python3 -W ignore:setup.py install is deprecated setup.py egg_info --egg-base ../../build/tractor_description build --build-base /home/andresarias23gmailcom/ros2_ws/build/tractor_description/build install --record /home/andresarias23gmailcom/ros2_ws/build/tractor_description/install.log --single-version-externally-managed install_data --force
